2025-11-05 21:15:51,730 [INFO] Activator:176 - 


2025-11-05 21:15:51,736 [INFO] Activator:177 - !SESSION log4j initialized
2025-11-05 21:15:57,148 [INFO] LogOutputStream:77 - [STDOUT_REDIRECT] 
2025-11-05 21:16:15,148 [INFO] ApplicationProperties:184 - Using Application install path: C:\ST\STM32CubeIDE_1.18.1\STM32CubeIDE\plugins\com.st.stm32cube.common.mx_6.15.0.202507011659
2025-11-05 21:16:15,167 [INFO] DbMcusXml:78 - Set database path to: C:\ST\STM32CubeIDE_1.18.1\STM32CubeIDE\plugins\com.st.stm32cube.common.mx_6.15.0.202507011659\\db\/mcu/
2025-11-05 21:16:15,168 [INFO] ApiDb:274 - Set plugin database path to: C:\ST\STM32CubeIDE_1.18.1\STM32CubeIDE\plugins\com.st.stm32cube.common.mx_6.15.0.202507011659\\db\/plugins/boardmanager/
2025-11-05 21:16:15,169 [WARN] ApiDb:259 - Overriding images path with different value:  => C:\ST\STM32CubeIDE_1.18.1\STM32CubeIDE\plugins\com.st.stm32cube.common.mx_6.15.0.202507011659\\db\/plugins/mcufinder/images/
2025-11-05 21:16:15,182 [INFO] ApiDb:250 - Set database path to: C:\Users\vermi\.stmcufinder\plugins\mcufinder//mcu/
2025-11-05 21:16:15,184 [INFO] DbMcusAds:125 - Set database path to: C:\Users\vermi\.stmcufinder\plugins\mcufinder//mcu/
2025-11-05 21:16:15,187 [INFO] CrossReferenceDbSqlite:203 - Set database path to: C:\Users\vermi\.stmcufinder\plugins\mcufinder//mcu/cs/
2025-11-05 21:16:15,319 [INFO] RulesReader:64 - Compatibility file has been processed (317 Rules)
2025-11-05 21:16:15,406 [INFO] DbMcusXml:78 - Set database path to: C:\ST\STM32CubeIDE_1.18.1\STM32CubeIDE\plugins\com.st.stm32cube.common.mx_6.15.0.202507011659\\db\/mcu/
2025-11-05 21:16:15,406 [INFO] ApiDb:274 - Set plugin database path to: C:\ST\STM32CubeIDE_1.18.1\STM32CubeIDE\plugins\com.st.stm32cube.common.mx_6.15.0.202507011659\\db\/plugins/boardmanager/
2025-11-05 21:16:15,406 [INFO] ApiDb:261 - Set plugin images path to: C:\ST\STM32CubeIDE_1.18.1\STM32CubeIDE\plugins\com.st.stm32cube.common.mx_6.15.0.202507011659\\db\/plugins/mcufinder/images/
2025-11-05 21:16:15,406 [WARN] DbFile:41 - Overriding database path with different value: C:\Users\vermi\.stmcufinder\plugins\mcufinder/ => C:\Users\vermi\.stmcufinder\plugins\mcufinder
2025-11-05 21:16:15,406 [INFO] ApiDb:250 - Set database path to: C:\Users\vermi\.stmcufinder\plugins\mcufinder//mcu/
2025-11-05 21:16:15,407 [WARN] DbFile:41 - Overriding database path with different value: C:\Users\vermi\.stmcufinder\plugins\mcufinder/ => C:\Users\vermi\.stmcufinder\plugins\mcufinder
2025-11-05 21:16:15,407 [INFO] DbMcusAds:125 - Set database path to: C:\Users\vermi\.stmcufinder\plugins\mcufinder//mcu/
2025-11-05 21:16:15,407 [WARN] DbFile:41 - Overriding database path with different value: C:\Users\vermi\.stmcufinder\plugins\mcufinder/ => C:\Users\vermi\.stmcufinder\plugins\mcufinder
2025-11-05 21:16:15,407 [WARN] DbFile:41 - Overriding database path with different value: C:\Users\vermi\.stmcufinder\plugins\mcufinder/ => C:\Users\vermi\.stmcufinder\plugins\mcufinder
2025-11-05 21:16:15,407 [INFO] CrossReferenceDbSqlite:203 - Set database path to: C:\Users\vermi\.stmcufinder\plugins\mcufinder//mcu/cs/
2025-11-05 21:16:15,478 [INFO] MainPanel:274 - HeapMemory: 290455552
2025-11-05 21:16:15,597 [INFO] DbMcusXml:78 - Set database path to: C:\ST\STM32CubeIDE_1.18.1\STM32CubeIDE\plugins\com.st.stm32cube.common.mx_6.15.0.202507011659\\db\/mcu/
2025-11-05 21:16:15,597 [INFO] ApiDb:274 - Set plugin database path to: C:\ST\STM32CubeIDE_1.18.1\STM32CubeIDE\plugins\com.st.stm32cube.common.mx_6.15.0.202507011659\\db\/plugins/boardmanager/
2025-11-05 21:16:15,597 [INFO] ApiDb:261 - Set plugin images path to: C:\ST\STM32CubeIDE_1.18.1\STM32CubeIDE\plugins\com.st.stm32cube.common.mx_6.15.0.202507011659\\db\/plugins/mcufinder/images/
2025-11-05 21:16:15,597 [WARN] DbFile:41 - Overriding database path with different value: C:\Users\vermi\.stmcufinder\plugins\mcufinder/ => C:\Users\vermi\.stmcufinder\plugins\mcufinder
2025-11-05 21:16:15,598 [INFO] ApiDb:250 - Set database path to: C:\Users\vermi\.stmcufinder\plugins\mcufinder//mcu/
2025-11-05 21:16:15,598 [WARN] DbFile:41 - Overriding database path with different value: C:\Users\vermi\.stmcufinder\plugins\mcufinder/ => C:\Users\vermi\.stmcufinder\plugins\mcufinder
2025-11-05 21:16:15,598 [INFO] DbMcusAds:125 - Set database path to: C:\Users\vermi\.stmcufinder\plugins\mcufinder//mcu/
2025-11-05 21:16:15,598 [WARN] DbFile:41 - Overriding database path with different value: C:\Users\vermi\.stmcufinder\plugins\mcufinder/ => C:\Users\vermi\.stmcufinder\plugins\mcufinder
2025-11-05 21:16:15,598 [WARN] DbFile:41 - Overriding database path with different value: C:\Users\vermi\.stmcufinder\plugins\mcufinder/ => C:\Users\vermi\.stmcufinder\plugins\mcufinder
2025-11-05 21:16:15,598 [INFO] CrossReferenceDbSqlite:203 - Set database path to: C:\Users\vermi\.stmcufinder\plugins\mcufinder//mcu/cs/
2025-11-05 21:16:15,624 [INFO] ApplicationProperties:184 - Using Application install path: C:\ST\STM32CubeIDE_1.18.1\STM32CubeIDE\plugins\com.st.stm32cube.common.mx_6.15.0.202507011659
2025-11-05 21:16:15,626 [INFO] PluginManage:196 - Search for loadable plugins [exclusion list=, ]
2025-11-05 21:16:15,627 [INFO] PluginManage:310 - Check plugin analytics
2025-11-05 21:16:15,835 [INFO] AnalyticsPlugin:253 - Accepted Software Licenses: 
2025-11-05 21:16:15,835 [INFO] AnalyticsPlugin:255 - Accepted CMSIS Pack Licenses: STMicroelectronics.X-CUBE-TOUCHGFX.4.25.0
2025-11-05 21:16:15,835 [INFO] AnalyticsPlugin:257 - Accepted Firmware Licenses: FW.F4.1.28.0
2025-11-05 21:16:15,838 [INFO] PluginManage:359 - Loaded plugin analytics (category:tool,tabindex:-1)
2025-11-05 21:16:15,839 [INFO] PluginManage:310 - Check plugin cadmodel
2025-11-05 21:16:15,848 [INFO] CADModel:105 - Init CAD model plugin
2025-11-05 21:16:15,848 [INFO] PluginManage:359 - Loaded plugin cadmodel (category:power,tabindex:5)
2025-11-05 21:16:15,849 [INFO] PluginManage:310 - Check plugin clock
2025-11-05 21:16:15,860 [INFO] PluginManage:359 - Loaded plugin clock (category:base,tabindex:2)
2025-11-05 21:16:15,861 [INFO] PluginManage:310 - Check plugin ddr
2025-11-05 21:16:15,863 [INFO] PluginManage:359 - Loaded plugin ddr (category:tool,tabindex:6)
2025-11-05 21:16:15,863 [INFO] PluginManage:310 - Check plugin filemanager
2025-11-05 21:16:16,037 [INFO] PluginManage:359 - Loaded plugin filemanager (category:base,tabindex:10)
2025-11-05 21:16:16,037 [INFO] PluginManage:310 - Check plugin ipmanager
2025-11-05 21:16:16,046 [INFO] PluginManage:359 - Loaded plugin ipmanager (category:base,tabindex:5)
2025-11-05 21:16:16,046 [INFO] PluginManage:310 - Check plugin lpbam
2025-11-05 21:16:16,055 [INFO] PluginManage:359 - Loaded plugin lpbam (category:base,tabindex:0)
2025-11-05 21:16:16,055 [INFO] PluginManage:310 - Check plugin memorymap
2025-11-05 21:16:16,072 [INFO] PluginManage:359 - Loaded plugin memorymap (category:base,tabindex:4)
2025-11-05 21:16:16,072 [INFO] PluginManage:310 - Check plugin pinoutandconfiguration
2025-11-05 21:16:16,080 [INFO] PluginManage:359 - Loaded plugin pinoutandconfiguration (category:base,tabindex:1)
2025-11-05 21:16:16,081 [INFO] PluginManage:310 - Check plugin pinoutconfig
2025-11-05 21:16:16,157 [WARN] SupportedApi:132 - Cannot load RTOS API schema: s4s-elt-must-match.1: The content of 'definitions' must match (annotation?, (simpleType | complexType)?, (unique | key | keyref)*)). A problem was found starting at: attribute.
2025-11-05 21:16:16,279 [INFO] PluginManage:359 - Loaded plugin pinoutconfig (category:base,tabindex:0)
2025-11-05 21:16:16,279 [INFO] PluginManage:310 - Check plugin power
2025-11-05 21:16:16,290 [INFO] PluginManage:359 - Loaded plugin power (category:power,tabindex:4)
2025-11-05 21:16:16,291 [INFO] PluginManage:310 - Check plugin projectmanager
2025-11-05 21:16:16,305 [INFO] PluginManage:359 - Loaded plugin projectmanager (category:projectmanager,tabindex:4)
2025-11-05 21:16:16,305 [INFO] PluginManage:310 - Check plugin rif
2025-11-05 21:16:16,313 [INFO] PluginManage:359 - Loaded plugin rif (category:base,tabindex:3)
2025-11-05 21:16:16,313 [INFO] PluginManage:310 - Check plugin thirdparty
2025-11-05 21:16:16,450 [INFO] PluginManage:359 - Loaded plugin thirdparty (category:base,tabindex:-1)
2025-11-05 21:16:16,450 [INFO] PluginManage:310 - Check plugin tools
2025-11-05 21:16:16,450 [WARN] IntegrityCheckThread:84 - waiting for thirdparty lock release [integrity check]
2025-11-05 21:16:16,451 [INFO] IntegrityCheckThread:86 - entering critical section [integrity check]
2025-11-05 21:16:16,451 [INFO] ThirdPartyUpdaterWithRetryManager:70 - Updater plugin not ready yet. [1/15]
2025-11-05 21:16:16,453 [INFO] PluginManage:359 - Loaded plugin tools (category:base,tabindex:7)
2025-11-05 21:16:16,453 [INFO] PluginManage:310 - Check plugin tutovideos
2025-11-05 21:16:16,699 [INFO] PluginManage:359 - Loaded plugin tutovideos (category:base,tabindex:-1)
2025-11-05 21:16:16,700 [INFO] PluginManage:310 - Check plugin updater
2025-11-05 21:16:16,721 [INFO] PluginManage:359 - Loaded plugin updater (category:base,tabindex:12)
2025-11-05 21:16:16,721 [INFO] PluginManage:310 - Check plugin userauth
2025-11-05 21:16:16,725 [INFO] UserAuth:118 - Init User Auth plugin
2025-11-05 21:16:16,725 [INFO] PluginManage:359 - Loaded plugin userauth (category:base,tabindex:14)
2025-11-05 21:16:16,726 [INFO] PluginManage:283 - PluginManage : Loaded plugins [18]
2025-11-05 21:16:16,921 [INFO] PinOutPanel:1589 - setPackage(No Configuration,No Configuration)
2025-11-05 21:16:17,006 [INFO] CADModel:165 - CPN selected for project level
2025-11-05 21:16:17,006 [INFO] CADModel:114 - Register for checkConnection events
2025-11-05 21:16:17,025 [INFO] IPUIPlugin:80 - create IPUIPlugin
2025-11-05 21:16:17,025 [INFO] PluginManager:220 - loadIPPluginJar : add adc
2025-11-05 21:16:17,028 [INFO] IPUIPlugin:80 - create IPUIPlugin
2025-11-05 21:16:17,029 [INFO] PluginManager:220 - loadIPPluginJar : add aes
2025-11-05 21:16:17,032 [INFO] IPUIPlugin:80 - create IPUIPlugin
2025-11-05 21:16:17,032 [INFO] PluginManager:220 - loadIPPluginJar : add can
2025-11-05 21:16:17,034 [INFO] IPUIPlugin:80 - create IPUIPlugin
2025-11-05 21:16:17,034 [INFO] PluginManager:220 - loadIPPluginJar : add comp
2025-11-05 21:16:17,037 [INFO] IPUIPlugin:80 - create IPUIPlugin
2025-11-05 21:16:17,037 [INFO] PluginManager:220 - loadIPPluginJar : add cryp
2025-11-05 21:16:17,041 [INFO] IPUIPlugin:80 - create IPUIPlugin
2025-11-05 21:16:17,041 [INFO] PluginManager:220 - loadIPPluginJar : add ddr_ctrl_phy
2025-11-05 21:16:17,044 [INFO] IPUIPlugin:80 - create IPUIPlugin
2025-11-05 21:16:17,044 [INFO] PluginManager:220 - loadIPPluginJar : add dfsdm
2025-11-05 21:16:17,049 [INFO] IPUIPlugin:80 - create IPUIPlugin
2025-11-05 21:16:17,050 [INFO] PluginManager:220 - loadIPPluginJar : add dma
2025-11-05 21:16:17,053 [INFO] IPUIPlugin:80 - create IPUIPlugin
2025-11-05 21:16:17,053 [INFO] PluginManager:220 - loadIPPluginJar : add dma3
2025-11-05 21:16:17,056 [INFO] IPUIPlugin:80 - create IPUIPlugin
2025-11-05 21:16:17,056 [INFO] PluginManager:220 - loadIPPluginJar : add extmemmanager
2025-11-05 21:16:17,058 [INFO] IPUIPlugin:80 - create IPUIPlugin
2025-11-05 21:16:17,058 [INFO] PluginManager:220 - loadIPPluginJar : add fatfs
2025-11-05 21:16:17,063 [INFO] IPUIPlugin:80 - create IPUIPlugin
2025-11-05 21:16:17,063 [INFO] PluginManager:220 - loadIPPluginJar : add fmc
2025-11-05 21:16:17,069 [INFO] IPUIPlugin:80 - create IPUIPlugin
2025-11-05 21:16:17,069 [INFO] PluginManager:220 - loadIPPluginJar : add freertos
2025-11-05 21:16:17,072 [INFO] IPUIPlugin:80 - create IPUIPlugin
2025-11-05 21:16:17,072 [INFO] PluginManager:220 - loadIPPluginJar : add genericplugin
2025-11-05 21:16:17,075 [INFO] IPUIPlugin:80 - create IPUIPlugin
2025-11-05 21:16:17,076 [INFO] PluginManager:220 - loadIPPluginJar : add gfxmmu
2025-11-05 21:16:17,080 [INFO] IPUIPlugin:80 - create IPUIPlugin
2025-11-05 21:16:17,080 [INFO] PluginManager:220 - loadIPPluginJar : add gic
2025-11-05 21:16:17,084 [INFO] IPUIPlugin:80 - create IPUIPlugin
2025-11-05 21:16:17,085 [INFO] PluginManager:220 - loadIPPluginJar : add gpio
2025-11-05 21:16:17,087 [INFO] IPUIPlugin:80 - create IPUIPlugin
2025-11-05 21:16:17,087 [INFO] PluginManager:220 - loadIPPluginJar : add gtzc
2025-11-05 21:16:17,090 [INFO] IPUIPlugin:80 - create IPUIPlugin
2025-11-05 21:16:17,090 [INFO] PluginManager:220 - loadIPPluginJar : add hash
2025-11-05 21:16:17,094 [INFO] IPUIPlugin:80 - create IPUIPlugin
2025-11-05 21:16:17,094 [INFO] PluginManager:220 - loadIPPluginJar : add i2c
2025-11-05 21:16:17,097 [INFO] IPUIPlugin:80 - create IPUIPlugin
2025-11-05 21:16:17,097 [INFO] PluginManager:220 - loadIPPluginJar : add i2s
2025-11-05 21:16:17,100 [INFO] IPUIPlugin:80 - create IPUIPlugin
2025-11-05 21:16:17,100 [INFO] PluginManager:220 - loadIPPluginJar : add i3c
2025-11-05 21:16:17,103 [INFO] IPUIPlugin:80 - create IPUIPlugin
2025-11-05 21:16:17,103 [INFO] PluginManager:220 - loadIPPluginJar : add ipddr
2025-11-05 21:16:17,109 [INFO] IPUIPlugin:80 - create IPUIPlugin
2025-11-05 21:16:17,109 [INFO] PluginManager:220 - loadIPPluginJar : add linkedlist
2025-11-05 21:16:17,113 [INFO] IPUIPlugin:80 - create IPUIPlugin
2025-11-05 21:16:17,113 [INFO] PluginManager:220 - loadIPPluginJar : add lorawan
2025-11-05 21:16:17,115 [INFO] IPUIPlugin:80 - create IPUIPlugin
2025-11-05 21:16:17,115 [INFO] PluginManager:220 - loadIPPluginJar : add ltdc
2025-11-05 21:16:17,120 [INFO] IPUIPlugin:80 - create IPUIPlugin
2025-11-05 21:16:17,120 [INFO] PluginManager:220 - loadIPPluginJar : add mdma
2025-11-05 21:16:17,124 [INFO] IPUIPlugin:80 - create IPUIPlugin
2025-11-05 21:16:17,125 [INFO] PluginManager:220 - loadIPPluginJar : add nvic
2025-11-05 21:16:17,128 [INFO] IPUIPlugin:80 - create IPUIPlugin
2025-11-05 21:16:17,128 [INFO] PluginManager:220 - loadIPPluginJar : add opamp
2025-11-05 21:16:17,131 [INFO] IPUIPlugin:80 - create IPUIPlugin
2025-11-05 21:16:17,131 [INFO] PluginManager:220 - loadIPPluginJar : add openamp
2025-11-05 21:16:17,134 [INFO] IPUIPlugin:80 - create IPUIPlugin
2025-11-05 21:16:17,135 [INFO] PluginManager:220 - loadIPPluginJar : add pdm2pcm
2025-11-05 21:16:17,140 [INFO] IPUIPlugin:80 - create IPUIPlugin
2025-11-05 21:16:17,143 [INFO] PluginManager:220 - loadIPPluginJar : add plateformsettings
2025-11-05 21:16:17,145 [INFO] IPUIPlugin:80 - create IPUIPlugin
2025-11-05 21:16:17,145 [INFO] PluginManager:220 - loadIPPluginJar : add quadspi
2025-11-05 21:16:17,147 [INFO] IPUIPlugin:80 - create IPUIPlugin
2025-11-05 21:16:17,147 [INFO] PluginManager:220 - loadIPPluginJar : add radio
2025-11-05 21:16:17,152 [INFO] IPUIPlugin:80 - create IPUIPlugin
2025-11-05 21:16:17,152 [INFO] PluginManager:220 - loadIPPluginJar : add resmgrutility
2025-11-05 21:16:17,155 [INFO] IPUIPlugin:80 - create IPUIPlugin
2025-11-05 21:16:17,155 [INFO] PluginManager:220 - loadIPPluginJar : add sai
2025-11-05 21:16:17,158 [INFO] IPUIPlugin:80 - create IPUIPlugin
2025-11-05 21:16:17,159 [INFO] PluginManager:220 - loadIPPluginJar : add spi
2025-11-05 21:16:17,164 [INFO] IPUIPlugin:80 - create IPUIPlugin
2025-11-05 21:16:17,165 [INFO] PluginManager:220 - loadIPPluginJar : add stm32_wpan
2025-11-05 21:16:17,167 [INFO] IPUIPlugin:80 - create IPUIPlugin
2025-11-05 21:16:17,167 [INFO] PluginManager:220 - loadIPPluginJar : add tim
2025-11-05 21:16:17,170 [INFO] IPUIPlugin:80 - create IPUIPlugin
2025-11-05 21:16:17,170 [INFO] PluginManager:220 - loadIPPluginJar : add touchsensing
2025-11-05 21:16:17,172 [INFO] IPUIPlugin:80 - create IPUIPlugin
2025-11-05 21:16:17,173 [INFO] PluginManager:220 - loadIPPluginJar : add tracer_emb
2025-11-05 21:16:17,175 [INFO] IPUIPlugin:80 - create IPUIPlugin
2025-11-05 21:16:17,176 [INFO] PluginManager:220 - loadIPPluginJar : add ts
2025-11-05 21:16:17,177 [INFO] IPUIPlugin:80 - create IPUIPlugin
2025-11-05 21:16:17,177 [INFO] PluginManager:220 - loadIPPluginJar : add tsc
2025-11-05 21:16:17,180 [INFO] IPUIPlugin:80 - create IPUIPlugin
2025-11-05 21:16:17,180 [INFO] PluginManager:220 - loadIPPluginJar : add ucpd
2025-11-05 21:16:17,182 [INFO] IPUIPlugin:80 - create IPUIPlugin
2025-11-05 21:16:17,182 [INFO] PluginManager:220 - loadIPPluginJar : add usart
2025-11-05 21:16:17,186 [INFO] IPUIPlugin:80 - create IPUIPlugin
2025-11-05 21:16:17,186 [INFO] PluginManager:220 - loadIPPluginJar : add usbx
2025-11-05 21:16:17,331 [FATAL] Updater:351 - Updater called before beeing initialized
2025-11-05 21:16:17,355 [INFO] RulesReader:64 - Compatibility file has been processed (317 Rules)
2025-11-05 21:16:17,365 [INFO] RulesReader:64 - Compatibility file has been processed (317 Rules)
2025-11-05 21:16:17,371 [INFO] CADModel:165 - CPN selected for project level
2025-11-05 21:16:17,371 [INFO] CADModel:114 - Register for checkConnection events
2025-11-05 21:16:17,372 [FATAL] Updater:351 - Updater called before beeing initialized
2025-11-05 21:16:17,372 [ERROR] CADModel:125 - Updater not yet initialized, retry later 
2025-11-05 21:16:17,512 [FATAL] Updater:351 - Updater called before beeing initialized
2025-11-05 21:16:17,515 [INFO] CADModel:165 - CPN selected for project level
2025-11-05 21:16:17,515 [INFO] CADModel:114 - Register for checkConnection events
2025-11-05 21:16:17,515 [FATAL] Updater:351 - Updater called before beeing initialized
2025-11-05 21:16:17,515 [ERROR] CADModel:125 - Updater not yet initialized, retry later 
2025-11-05 21:16:17,518 [FATAL] Updater:351 - Updater called before beeing initialized
2025-11-05 21:16:17,638 [FATAL] Updater:351 - Updater called before beeing initialized
2025-11-05 21:16:17,642 [INFO] DbMcusAds:53 - JSON generation date=Thu Oct 02 18:36:05 KST 2025 (1759397765645)
2025-11-05 21:16:17,642 [FATAL] Updater:351 - Updater called before beeing initialized
2025-11-05 21:16:17,681 [WARN] DetailPanel:346 - Failed to get advertising image, set to default
2025-11-05 21:16:17,779 [FATAL] Updater:351 - Updater called before beeing initialized
2025-11-05 21:16:17,781 [FATAL] Updater:351 - Updater called before beeing initialized
2025-11-05 21:16:17,781 [FATAL] Updater:351 - Updater called before beeing initialized
2025-11-05 21:16:17,781 [WARN] DetailPanel:346 - Failed to get advertising image, set to default
2025-11-05 21:16:17,782 [FATAL] Updater:351 - Updater called before beeing initialized
2025-11-05 21:16:17,830 [ERROR] Updater:1198 - MainUpdater not yet initialized. External WinMGr cannot be set.
2025-11-05 21:16:17,832 [INFO] Updater:1134 - Updater Version found : 6.15.0
2025-11-05 21:16:17,847 [INFO] ApplicationProperties:184 - Using Application install path: C:\ST\STM32CubeIDE_1.18.1\STM32CubeIDE\plugins\com.st.stm32cube.common.mx_6.15.0.202507011659
2025-11-05 21:16:19,421 [ERROR] LogOutputStream:75 - [STDERR_REDIRECT] Nov 05, 2025 9:16:19 PM java.util.prefs.WindowsPreferences <init>
2025-11-05 21:16:19,422 [ERROR] LogOutputStream:75 - [STDERR_REDIRECT] WARNING: Could not open/create prefs root node Software\JavaSoft\Prefs at root 0xffffffff80000002. Windows RegCreateKeyEx(...) returned error code 5.
2025-11-05 21:16:19,422 [ERROR] LogOutputStream:75 - [STDERR_REDIRECT] 
2025-11-05 21:16:19,453 [INFO] ThirdPartyUpdaterWithRetryManager:70 - Updater plugin not ready yet. [2/15]
2025-11-05 21:16:20,153 [INFO] MainUpdater:2872 - connection check result : 10
2025-11-05 21:16:20,155 [INFO] MainUpdater:289 - Updater Check For Update Now.
2025-11-05 21:16:20,155 [INFO] MicroXplorer:498 - Change Database Version : DB.6.0.150
2025-11-05 21:16:20,160 [INFO] McuFinderGlobals:63 - Set McuFinder mode to 2 (CubeIDE integrated)
2025-11-05 21:16:20,161 [INFO] UserAuth:487 - Internet connection configuration mode: 1
2025-11-05 21:16:20,180 [INFO] JxBrowserEngine:152 - Initiate JxBrowser Engine with user profile folder
2025-11-05 21:16:20,343 [INFO] CheckServerUpdateThread:120 - End of CheckServer Thread
2025-11-05 21:16:21,273 [INFO] WebApp:169 - Instantiating new browser for Auth
2025-11-05 21:16:22,434 [INFO] WebApp:463 - Apply proxy settings
2025-11-05 21:16:22,434 [INFO] WebApp:548 - Chromium requires no authentication
2025-11-05 21:16:22,452 [INFO] WebApp:491 - Direct internet connection detected
2025-11-05 21:16:22,498 [INFO] WebApp:900 - Register for checkConnection events
2025-11-05 21:16:22,498 [INFO] WebApp:463 - Apply proxy settings
2025-11-05 21:16:22,499 [INFO] WebApp:548 - Chromium requires no authentication
2025-11-05 21:16:22,501 [INFO] WebApp:491 - Direct internet connection detected
2025-11-05 21:16:22,849 [WARN] PackLoader:240 - Cannot read IP mode file for STMicroelectronics.FP-SNS-MOTENVWB1.1.4.0
2025-11-05 21:16:22,858 [WARN] PackLoader:240 - Cannot read IP mode file for STMicroelectronics.FP-ATR-ASTRA1.2.0.2
2025-11-05 21:16:22,862 [WARN] PackLoader:240 - Cannot read IP mode file for STMicroelectronics.FP-ATR-ASTRA1.2.0.1
2025-11-05 21:16:22,873 [WARN] PackLoader:240 - Cannot read IP mode file for STMicroelectronics.X-CUBE-SMBUS.2.1.0
2025-11-05 21:16:22,899 [WARN] PackLoader:240 - Cannot read IP mode file for STMicroelectronics.X-CUBE-WB05N.1.1.0
2025-11-05 21:16:22,909 [INFO] WebApp:225 - Starting web application
2025-11-05 21:16:22,909 [INFO] WebApp:593 - Web application path used C:\ST\STM32CubeIDE_1.18.1\STM32CubeIDE\plugins\com.st.stm32cube.common.mx_6.15.0.202507011659\db\plugins\mcufinder\reactClient1\index.html
2025-11-05 21:16:22,911 [WARN] PackLoader:240 - Cannot read IP mode file for STMicroelectronics.X-CUBE-ST60.1.0.0
2025-11-05 21:16:22,940 [WARN] PackLoader:240 - Cannot read IP mode file for STMicroelectronics.X-CUBE-AZRTOS-F7.1.1.0
2025-11-05 21:16:22,990 [WARN] PackLoader:240 - Cannot read IP mode file for STMicroelectronics.X-CUBE-MEMS1.11.0.0
2025-11-05 21:16:23,120 [WARN] PackLoader:240 - Cannot read IP mode file for STMicroelectronics.FP-SNS-MOTENV1.5.1.0
2025-11-05 21:16:23,124 [WARN] PackLoader:240 - Cannot read IP mode file for STMicroelectronics.FP-SNS-FLIGHT1.5.0.2
2025-11-05 21:16:23,287 [WARN] PackLoader:240 - Cannot read IP mode file for Infineon.AIROC-Wi-Fi-Bluetooth-STM32.1.7.0
2025-11-05 21:16:23,382 [WARN] PackLoader:240 - Cannot read IP mode file for STMicroelectronics.X-CUBE-AZRTOS-H7.3.4.0
2025-11-05 21:16:23,391 [WARN] PackLoader:240 - Cannot read IP mode file for STMicroelectronics.X-CUBE-DISPLAY.3.0.0
2025-11-05 21:16:23,398 [WARN] PackLoader:240 - Cannot read IP mode file for STMicroelectronics.X-CUBE-BLE1.7.0.0
2025-11-05 21:16:23,403 [WARN] PackLoader:240 - Cannot read IP mode file for STMicroelectronics.X-CUBE-NFC10.1.0.0
2025-11-05 21:16:23,412 [WARN] PackLoader:240 - Cannot read IP mode file for STMicroelectronics.X-CUBE-BLEMGR.4.0.0
2025-11-05 21:16:23,418 [WARN] PackLoader:240 - Cannot read IP mode file for STMicroelectronics.X-CUBE-ST60.1.1.0
2025-11-05 21:16:23,427 [WARN] PackLoader:240 - Cannot read IP mode file for emotas.I-CUBE-CANOPEN.1.3.0
2025-11-05 21:16:23,434 [WARN] PackLoader:240 - Cannot read IP mode file for STMicroelectronics.X-CUBE-GNSS1.7.1.0
2025-11-05 21:16:23,454 [WARN] PackLoader:240 - Cannot read IP mode file for STMicroelectronics.X-CUBE-BLEMGR.3.1.0
2025-11-05 21:16:23,460 [WARN] PackLoader:240 - Cannot read IP mode file for STMicroelectronics.X-CUBE-AI.10.0.0
2025-11-05 21:16:23,468 [WARN] PackLoader:240 - Cannot read IP mode file for STMicroelectronics.FP-SNS-STBOX1.2.1.0
2025-11-05 21:16:23,474 [WARN] PackLoader:240 - Cannot read IP mode file for STMicroelectronics.FP-SNS-SMARTAG2.1.2.0
2025-11-05 21:16:23,477 [WARN] PackLoader:240 - Cannot read IP mode file for STMicroelectronics.FP-SNS-FLIGHT1.5.1.0
2025-11-05 21:16:23,514 [WARN] PackLoader:240 - Cannot read IP mode file for STMicroelectronics.X-CUBE-MEMS1.11.1.0
2025-11-05 21:16:23,613 [INFO] LogOutputStream:77 - [STDOUT_REDIRECT] 1 : Invalid condition id : UX_CORESTACK_Condition cause : null
2025-11-05 21:16:23,614 [INFO] LogOutputStream:77 - [STDOUT_REDIRECT] 1 : Invalid condition id : UX_CORESTACK_Condition cause : null
2025-11-05 21:16:23,616 [INFO] LogOutputStream:77 - [STDOUT_REDIRECT] 1 : Invalid condition id : UX_CORESTACK_Condition cause : null
2025-11-05 21:16:23,617 [INFO] LogOutputStream:77 - [STDOUT_REDIRECT] 1 : Invalid condition id : UX_CORESTACK_Condition cause : null
2025-11-05 21:16:23,618 [INFO] LogOutputStream:77 - [STDOUT_REDIRECT] 1 : Invalid condition id : UX_CORESTACK_Condition cause : null
2025-11-05 21:16:23,620 [WARN] PackLoader:240 - Cannot read IP mode file for STMicroelectronics.X-CUBE-AZRTOS-WL.2.0.0
2025-11-05 21:16:23,624 [WARN] PackLoader:240 - Cannot read IP mode file for STMicroelectronics.FP-SNS-MOTENV1.5.0.0
2025-11-05 21:16:23,628 [WARN] PackLoader:240 - Cannot read IP mode file for wolfSSL.I-CUBE-wolfMQTT.1.19.0
2025-11-05 21:16:23,634 [WARN] PackLoader:240 - Cannot read IP mode file for WES.I-CUBE-Cesium.1.3.0
2025-11-05 21:16:23,638 [WARN] PackLoader:240 - Cannot read IP mode file for STMicroelectronics.X-CUBE-BLE2.3.3.0
2025-11-05 21:16:23,644 [WARN] PackLoader:240 - Cannot read IP mode file for STMicroelectronics.X-CUBE-NFC9.1.0.0
2025-11-05 21:16:23,648 [WARN] PackLoader:240 - Cannot read IP mode file for STMicroelectronics.X-CUBE-BLE1.7.1.0
2025-11-05 21:16:23,653 [WARN] PackLoader:240 - Cannot read IP mode file for STMicroelectronics.X-CUBE-EEPRMA1.5.2.0
2025-11-05 21:16:23,658 [WARN] PackLoader:240 - Cannot read IP mode file for STMicroelectronics.X-CUBE-ST67W61.1.1.0
2025-11-05 21:16:23,662 [WARN] PackLoader:240 - Cannot read IP mode file for STMicroelectronics.X-CUBE-AI.10.1.0
2025-11-05 21:16:23,716 [WARN] PackLoader:240 - Cannot read IP mode file for STMicroelectronics.X-CUBE-MEMS1.11.2.0
2025-11-05 21:16:23,799 [WARN] PackLoader:240 - Cannot read IP mode file for STMicroelectronics.X-CUBE-AZRTOS-G0.1.1.0
2025-11-05 21:16:23,805 [WARN] PackLoader:240 - Cannot read IP mode file for STMicroelectronics.X-CUBE-SAFEA1.1.2.2
2025-11-05 21:16:23,809 [WARN] PackLoader:240 - Cannot read IP mode file for STMicroelectronics.X-CUBE-NFC4.3.0.0
2025-11-05 21:16:23,816 [WARN] PackLoader:240 - Cannot read IP mode file for EmbeddedOffice.I-CUBE-FS-RTOS.1.0.1
2025-11-05 21:16:23,821 [WARN] PackLoader:240 - Cannot read IP mode file for STMicroelectronics.X-CUBE-WB05N.2.0.0
2025-11-05 21:16:23,826 [WARN] PackLoader:240 - Cannot read IP mode file for STMicroelectronics.X-CUBE-TCPP.4.2.0
2025-11-05 21:16:23,831 [WARN] PackLoader:240 - Cannot read IP mode file for RealThread.X-CUBE-RT-Thread_Nano.4.1.1
2025-11-05 21:16:23,834 [WARN] PackLoader:240 - Cannot read IP mode file for STMicroelectronics.FP-ATR-SIGFOX1.3.2.0
2025-11-05 21:16:23,838 [WARN] ConditionMgr:438 - getConditionDescription Invalid condition id : Cortex-A Device cause : null
2025-11-05 21:16:23,848 [WARN] ConditionMgr:1044 - genDependencies : Invalid condition id : Cortex-A Device cause : null
2025-11-05 21:16:23,848 [WARN] ConditionMgr:1044 - genDependencies : Invalid condition id : Cortex-A Device cause : null
2025-11-05 21:16:23,848 [WARN] ConditionMgr:1044 - genDependencies : Invalid condition id : Cortex-A Device cause : null
2025-11-05 21:16:23,852 [WARN] PackLoader:240 - Cannot read IP mode file for STMicroelectronics.X-CUBE-EEPRMA1.5.1.0
2025-11-05 21:16:23,856 [WARN] PackLoader:240 - Cannot read IP mode file for wolfSSL.I-CUBE-wolfSSL.5.7.4
2025-11-05 21:16:23,862 [WARN] PackLoader:240 - Cannot read IP mode file for ITTIA_DB.I-CUBE-ITTIADB.8.9.0
2025-11-05 21:16:23,867 [WARN] PackLoader:240 - Cannot read IP mode file for STMicroelectronics.X-CUBE-ST67W61.1.0.0
2025-11-05 21:16:23,871 [WARN] PackLoader:240 - Cannot read IP mode file for STMicroelectronics.X-CUBE-AI.10.2.0
2025-11-05 21:16:24,039 [WARN] PackLoader:240 - Cannot read IP mode file for SEGGER.I-CUBE-embOS.1.3.1
2025-11-05 21:16:24,102 [WARN] PackLoader:240 - Cannot read IP mode file for STMicroelectronics.X-CUBE-ALGOBUILD.1.4.0
2025-11-05 21:16:24,135 [WARN] PackLoader:240 - Cannot read IP mode file for STMicroelectronics.X-CUBE-MEMS1.11.3.0
2025-11-05 21:16:24,217 [INFO] UserAuth:487 - Internet connection configuration mode: 1
2025-11-05 21:16:24,246 [WARN] PackLoader:240 - Cannot read IP mode file for STMicroelectronics.X-CUBE-AI.9.1.0
2025-11-05 21:16:24,250 [WARN] PackLoader:240 - Cannot read IP mode file for STMicroelectronics.X-CUBE-PM33A1.1.0.0
2025-11-05 21:16:24,262 [WARN] PackLoader:240 - Cannot read IP mode file for STMicroelectronics.X-CUBE-AZRTOS-F4.1.1.0
2025-11-05 21:16:24,268 [WARN] PackLoader:240 - Cannot read IP mode file for STMicroelectronics.X-CUBE-ISPU.2.1.0
2025-11-05 21:16:24,276 [WARN] PackLoader:240 - Cannot read IP mode file for STMicroelectronics.X-CUBE-IPS.3.2.0
2025-11-05 21:16:24,285 [WARN] PackLoader:240 - Cannot read IP mode file for STMicroelectronics.X-CUBE-FREERTOS.1.2.0
2025-11-05 21:16:24,291 [WARN] PackLoader:240 - Cannot read IP mode file for STMicroelectronics.X-CUBE-NFC12.1.0.0
2025-11-05 21:16:24,303 [WARN] PackLoader:240 - Cannot read IP mode file for STMicroelectronics.X-CUBE-AZRTOS-L5.2.0.0
2025-11-05 21:16:24,311 [WARN] PackLoader:240 - Cannot read IP mode file for STMicroelectronics.X-CUBE-NFC6.3.1.0
2025-11-05 21:16:24,317 [WARN] PackLoader:240 - Cannot read IP mode file for STMicroelectronics.X-CUBE-DPower.1.2.0
2025-11-05 21:16:24,320 [WARN] PackLoader:240 - Cannot read IP mode file for STMicroelectronics.X-CUBE-FREERTOS.1.3.1
2025-11-05 21:16:24,323 [WARN] PackLoader:240 - Cannot read IP mode file for STMicroelectronics.X-CUBE-FREERTOS.1.3.0
2025-11-05 21:16:24,327 [WARN] PackLoader:240 - Cannot read IP mode file for STMicroelectronics.X-CUBE-NFC7.1.0.1
2025-11-05 21:16:24,332 [WARN] PackLoader:240 - Cannot read IP mode file for STMicroelectronics.X-CUBE-TOUCHGFX.4.26.0
2025-11-05 21:16:24,336 [WARN] PackLoader:240 - Cannot read IP mode file for STMicroelectronics.FP-SNS-STAIOTCFT.1.0.0
2025-11-05 21:16:24,340 [WARN] PackLoader:240 - Cannot read IP mode file for STMicroelectronics.X-CUBE-DPower.1.3.0
2025-11-05 21:16:24,353 [WARN] ConditionMgr:438 - getConditionDescription Invalid condition id : LAN8742 Phy interface Condition cause : null
2025-11-05 21:16:24,354 [WARN] PackLoader:240 - Cannot read IP mode file for STMicroelectronics.X-CUBE-AZRTOS-L4.2.0.0
2025-11-05 21:16:24,354 [WARN] ConditionMgr:1044 - genDependencies : Invalid condition id : LAN8742 Phy interface Condition cause : null
2025-11-05 21:16:24,355 [WARN] ConditionMgr:1044 - genDependencies : Invalid condition id : LAN8742 Phy interface Condition cause : null
2025-11-05 21:16:24,355 [WARN] ConditionMgr:1044 - genDependencies : Invalid condition id : LAN8742 Phy interface Condition cause : null
2025-11-05 21:16:24,360 [WARN] PackLoader:240 - Cannot read IP mode file for STMicroelectronics.X-CUBE-SFXS2LP1.4.0.0
2025-11-05 21:16:24,375 [WARN] PackLoader:240 - Cannot read IP mode file for STMicroelectronics.X-CUBE-AZRTOS-H7.3.3.0
2025-11-05 21:16:24,383 [WARN] PackLoader:240 - Cannot read IP mode file for STMicroelectronics.X-CUBE-BLEMGR.4.1.0
2025-11-05 21:16:24,418 [WARN] PackLoader:240 - Cannot read IP mode file for STMicroelectronics.X-CUBE-IPS.3.0.0
2025-11-05 21:16:24,428 [WARN] ConditionMgr:438 - getConditionDescription Invalid condition id : UX DEVICE CLASS RTOS Condition cause : null
2025-11-05 21:16:24,428 [WARN] ConditionMgr:438 - getConditionDescription Invalid condition id : UX DEVICE CLASS RTOS Condition cause : null
2025-11-05 21:16:24,430 [WARN] PackLoader:240 - Cannot read IP mode file for STMicroelectronics.X-CUBE-AZRTOS-WB.2.0.0
2025-11-05 21:16:24,430 [WARN] ConditionMgr:1044 - genDependencies : Invalid condition id : UX DEVICE CLASS RTOS Condition cause : null
2025-11-05 21:16:24,431 [WARN] ConditionMgr:1044 - genDependencies : Invalid condition id : UX DEVICE CLASS RTOS Condition cause : null
2025-11-05 21:16:24,431 [WARN] ConditionMgr:1044 - genDependencies : Invalid condition id : UX DEVICE CLASS RTOS Condition cause : null
2025-11-05 21:16:24,431 [WARN] ConditionMgr:1044 - genDependencies : Invalid condition id : UX DEVICE CLASS RTOS Condition cause : null
2025-11-05 21:16:24,431 [WARN] ConditionMgr:1044 - genDependencies : Invalid condition id : UX DEVICE CLASS RTOS Condition cause : null
2025-11-05 21:16:24,435 [WARN] PackLoader:240 - Cannot read IP mode file for STMicroelectronics.X-CUBE-GNSS1.7.0.0
2025-11-05 21:16:24,441 [WARN] PackLoader:240 - Cannot read IP mode file for STMicroelectronics.X-CUBE-GNSS1.7.0.1
2025-11-05 21:16:24,447 [WARN] PackLoader:240 - Cannot read IP mode file for STMicroelectronics.X-CUBE-TOUCHGFX.4.25.0
2025-11-05 21:16:24,544 [WARN] PackLoader:240 - Cannot read IP mode file for STMicroelectronics.FP-SNS-STBOX1.2.0.0
2025-11-05 21:16:24,554 [WARN] PackLoader:240 - Cannot read IP mode file for STMicroelectronics.X-CUBE-SUBG2.5.0.0
2025-11-05 21:16:24,573 [WARN] PackLoader:240 - Cannot read IP mode file for STMicroelectronics.X-CUBE-AZRTOS-H7RS.1.1.0
2025-11-05 21:16:24,579 [WARN] PackLoader:240 - Cannot read IP mode file for Cesanta.I-CUBE-Mongoose.7.13.0
2025-11-05 21:16:24,592 [WARN] PackLoader:240 - Cannot read IP mode file for STMicroelectronics.X-CUBE-AZRTOS-G4.2.0.0
2025-11-05 21:16:24,597 [WARN] PackLoader:240 - Cannot read IP mode file for STMicroelectronics.X-CUBE-NFC7.2.0.0
2025-11-05 21:16:24,605 [WARN] PackLoader:240 - Cannot read IP mode file for STMicroelectronics.X-CUBE-IPS.3.1.0
2025-11-05 21:16:24,613 [WARN] PackLoader:240 - Cannot read IP mode file for STMicroelectronics.X-CUBE-ALS.1.0.2
2025-11-05 21:16:24,616 [WARN] PackLoader:240 - Cannot read IP mode file for STMicroelectronics.X-CUBE-TOUCHGFX.4.24.2
2025-11-05 21:16:24,618 [WARN] PackLoader:240 - Cannot read IP mode file for STMicroelectronics.X-CUBE-TOUCHGFX.4.24.1
2025-11-05 21:16:24,623 [WARN] PackLoader:240 - Cannot read IP mode file for STMicroelectronics.X-CUBE-STSE01.1.0.0
2025-11-05 21:16:24,627 [WARN] PackLoader:240 - Cannot read IP mode file for wolfSSL.I-CUBE-wolfTPM.3.4.0
2025-11-05 21:16:24,632 [WARN] PackLoader:240 - Cannot read IP mode file for portGmbH.I-Cube-SoM-uGOAL.1.1.0
2025-11-05 21:16:24,643 [WARN] PackLoader:240 - Cannot read IP mode file for STMicroelectronics.X-CUBE-AZRTOS-H7RS.1.0.0
2025-11-05 21:16:24,652 [WARN] PackLoader:240 - Cannot read IP mode file for STMicroelectronics.X-CUBE-TOF1.3.4.2
2025-11-05 21:16:24,664 [WARN] PackLoader:240 - Cannot read IP mode file for STMicroelectronics.X-CUBE-TOF1.3.4.3
2025-11-05 21:16:24,676 [WARN] PackLoader:240 - Cannot read IP mode file for wolfSSL.I-CUBE-wolfSSH.1.4.17
2025-11-05 21:16:24,676 [INFO] ThirdParty:978 - Integrity check success = true
2025-11-05 21:16:24,676 [INFO] IntegrityCheckThread:100 - exiting critical section [integrity check]
2025-11-05 21:16:24,676 [INFO] IntegrityCheckThread:103 - End integrity checks thread
2025-11-05 21:16:24,684 [INFO] WebApp:191 - Connection restablished
