2025-12-28 18:05:56,321 [INFO] Activator:176 - 


2025-12-28 18:05:56,327 [INFO] Activator:177 - !SESSION log4j initialized
2025-12-28 18:06:03,825 [INFO] LogOutputStream:77 - [STDOUT_REDIRECT] 
2025-12-28 18:06:08,114 [INFO] ApplicationProperties:184 - Using Application install path: C:\ST\STM32CubeIDE_1.19.0\STM32CubeIDE\plugins\com.st.stm32cube.common.mx_6.15.0.202507011659
2025-12-28 18:06:08,133 [INFO] DbMcusXml:78 - Set database path to: C:\ST\STM32CubeIDE_1.19.0\STM32CubeIDE\plugins\com.st.stm32cube.common.mx_6.15.0.202507011659\\db\/mcu/
2025-12-28 18:06:08,134 [INFO] ApiDb:274 - Set plugin database path to: C:\ST\STM32CubeIDE_1.19.0\STM32CubeIDE\plugins\com.st.stm32cube.common.mx_6.15.0.202507011659\\db\/plugins/boardmanager/
2025-12-28 18:06:08,134 [WARN] ApiDb:259 - Overriding images path with different value:  => C:\ST\STM32CubeIDE_1.19.0\STM32CubeIDE\plugins\com.st.stm32cube.common.mx_6.15.0.202507011659\\db\/plugins/mcufinder/images/
2025-12-28 18:06:08,140 [INFO] ApiDb:250 - Set database path to: C:\Users\LeeJooHo\.stmcufinder\plugins\mcufinder//mcu/
2025-12-28 18:06:08,141 [INFO] DbMcusAds:125 - Set database path to: C:\Users\LeeJooHo\.stmcufinder\plugins\mcufinder//mcu/
2025-12-28 18:06:08,144 [INFO] CrossReferenceDbSqlite:203 - Set database path to: C:\Users\LeeJooHo\.stmcufinder\plugins\mcufinder//mcu/cs/
2025-12-28 18:06:08,266 [INFO] RulesReader:64 - Compatibility file has been processed (317 Rules)
2025-12-28 18:06:08,349 [INFO] DbMcusXml:78 - Set database path to: C:\ST\STM32CubeIDE_1.19.0\STM32CubeIDE\plugins\com.st.stm32cube.common.mx_6.15.0.202507011659\\db\/mcu/
2025-12-28 18:06:08,349 [INFO] ApiDb:274 - Set plugin database path to: C:\ST\STM32CubeIDE_1.19.0\STM32CubeIDE\plugins\com.st.stm32cube.common.mx_6.15.0.202507011659\\db\/plugins/boardmanager/
2025-12-28 18:06:08,349 [INFO] ApiDb:261 - Set plugin images path to: C:\ST\STM32CubeIDE_1.19.0\STM32CubeIDE\plugins\com.st.stm32cube.common.mx_6.15.0.202507011659\\db\/plugins/mcufinder/images/
2025-12-28 18:06:08,349 [WARN] DbFile:41 - Overriding database path with different value: C:\Users\LeeJooHo\.stmcufinder\plugins\mcufinder/ => C:\Users\LeeJooHo\.stmcufinder\plugins\mcufinder
2025-12-28 18:06:08,349 [INFO] ApiDb:250 - Set database path to: C:\Users\LeeJooHo\.stmcufinder\plugins\mcufinder//mcu/
2025-12-28 18:06:08,349 [WARN] DbFile:41 - Overriding database path with different value: C:\Users\LeeJooHo\.stmcufinder\plugins\mcufinder/ => C:\Users\LeeJooHo\.stmcufinder\plugins\mcufinder
2025-12-28 18:06:08,350 [INFO] DbMcusAds:125 - Set database path to: C:\Users\LeeJooHo\.stmcufinder\plugins\mcufinder//mcu/
2025-12-28 18:06:08,350 [WARN] DbFile:41 - Overriding database path with different value: C:\Users\LeeJooHo\.stmcufinder\plugins\mcufinder/ => C:\Users\LeeJooHo\.stmcufinder\plugins\mcufinder
2025-12-28 18:06:08,350 [WARN] DbFile:41 - Overriding database path with different value: C:\Users\LeeJooHo\.stmcufinder\plugins\mcufinder/ => C:\Users\LeeJooHo\.stmcufinder\plugins\mcufinder
2025-12-28 18:06:08,350 [INFO] CrossReferenceDbSqlite:203 - Set database path to: C:\Users\LeeJooHo\.stmcufinder\plugins\mcufinder//mcu/cs/
2025-12-28 18:06:08,420 [INFO] MainPanel:274 - HeapMemory: 268435456
2025-12-28 18:06:08,525 [INFO] DbMcusXml:78 - Set database path to: C:\ST\STM32CubeIDE_1.19.0\STM32CubeIDE\plugins\com.st.stm32cube.common.mx_6.15.0.202507011659\\db\/mcu/
2025-12-28 18:06:08,525 [INFO] ApiDb:274 - Set plugin database path to: C:\ST\STM32CubeIDE_1.19.0\STM32CubeIDE\plugins\com.st.stm32cube.common.mx_6.15.0.202507011659\\db\/plugins/boardmanager/
2025-12-28 18:06:08,525 [INFO] ApiDb:261 - Set plugin images path to: C:\ST\STM32CubeIDE_1.19.0\STM32CubeIDE\plugins\com.st.stm32cube.common.mx_6.15.0.202507011659\\db\/plugins/mcufinder/images/
2025-12-28 18:06:08,525 [WARN] DbFile:41 - Overriding database path with different value: C:\Users\LeeJooHo\.stmcufinder\plugins\mcufinder/ => C:\Users\LeeJooHo\.stmcufinder\plugins\mcufinder
2025-12-28 18:06:08,525 [INFO] ApiDb:250 - Set database path to: C:\Users\LeeJooHo\.stmcufinder\plugins\mcufinder//mcu/
2025-12-28 18:06:08,526 [WARN] DbFile:41 - Overriding database path with different value: C:\Users\LeeJooHo\.stmcufinder\plugins\mcufinder/ => C:\Users\LeeJooHo\.stmcufinder\plugins\mcufinder
2025-12-28 18:06:08,526 [INFO] DbMcusAds:125 - Set database path to: C:\Users\LeeJooHo\.stmcufinder\plugins\mcufinder//mcu/
2025-12-28 18:06:08,526 [WARN] DbFile:41 - Overriding database path with different value: C:\Users\LeeJooHo\.stmcufinder\plugins\mcufinder/ => C:\Users\LeeJooHo\.stmcufinder\plugins\mcufinder
2025-12-28 18:06:08,526 [WARN] DbFile:41 - Overriding database path with different value: C:\Users\LeeJooHo\.stmcufinder\plugins\mcufinder/ => C:\Users\LeeJooHo\.stmcufinder\plugins\mcufinder
2025-12-28 18:06:08,526 [INFO] CrossReferenceDbSqlite:203 - Set database path to: C:\Users\LeeJooHo\.stmcufinder\plugins\mcufinder//mcu/cs/
2025-12-28 18:06:08,542 [INFO] ApplicationProperties:184 - Using Application install path: C:\ST\STM32CubeIDE_1.19.0\STM32CubeIDE\plugins\com.st.stm32cube.common.mx_6.15.0.202507011659
2025-12-28 18:06:08,544 [INFO] PluginManage:196 - Search for loadable plugins [exclusion list=, ]
2025-12-28 18:06:08,545 [INFO] PluginManage:310 - Check plugin analytics
2025-12-28 18:06:08,741 [INFO] AnalyticsPlugin:253 - Accepted Software Licenses: 
2025-12-28 18:06:08,741 [INFO] AnalyticsPlugin:255 - Accepted CMSIS Pack Licenses: 
2025-12-28 18:06:08,741 [INFO] AnalyticsPlugin:257 - Accepted Firmware Licenses: FW.F4.1.28.0
2025-12-28 18:06:08,745 [INFO] PluginManage:359 - Loaded plugin analytics (category:tool,tabindex:-1)
2025-12-28 18:06:08,745 [INFO] PluginManage:310 - Check plugin cadmodel
2025-12-28 18:06:08,751 [INFO] CADModel:105 - Init CAD model plugin
2025-12-28 18:06:08,751 [INFO] PluginManage:359 - Loaded plugin cadmodel (category:power,tabindex:5)
2025-12-28 18:06:08,751 [INFO] PluginManage:310 - Check plugin clock
2025-12-28 18:06:08,760 [INFO] PluginManage:359 - Loaded plugin clock (category:base,tabindex:2)
2025-12-28 18:06:08,760 [INFO] PluginManage:310 - Check plugin ddr
2025-12-28 18:06:08,763 [INFO] PluginManage:359 - Loaded plugin ddr (category:tool,tabindex:6)
2025-12-28 18:06:08,763 [INFO] PluginManage:310 - Check plugin filemanager
2025-12-28 18:06:08,943 [INFO] PluginManage:359 - Loaded plugin filemanager (category:base,tabindex:10)
2025-12-28 18:06:08,943 [INFO] PluginManage:310 - Check plugin ipmanager
2025-12-28 18:06:08,951 [INFO] PluginManage:359 - Loaded plugin ipmanager (category:base,tabindex:5)
2025-12-28 18:06:08,951 [INFO] PluginManage:310 - Check plugin lpbam
2025-12-28 18:06:08,962 [INFO] PluginManage:359 - Loaded plugin lpbam (category:base,tabindex:0)
2025-12-28 18:06:08,962 [INFO] PluginManage:310 - Check plugin memorymap
2025-12-28 18:06:08,978 [INFO] PluginManage:359 - Loaded plugin memorymap (category:base,tabindex:4)
2025-12-28 18:06:08,980 [INFO] PluginManage:310 - Check plugin pinoutandconfiguration
2025-12-28 18:06:08,992 [INFO] PluginManage:359 - Loaded plugin pinoutandconfiguration (category:base,tabindex:1)
2025-12-28 18:06:08,992 [INFO] PluginManage:310 - Check plugin pinoutconfig
2025-12-28 18:06:09,122 [WARN] SupportedApi:132 - Cannot load RTOS API schema: s4s-elt-must-match.1: The content of 'definitions' must match (annotation?, (simpleType | complexType)?, (unique | key | keyref)*)). A problem was found starting at: attribute.
2025-12-28 18:06:09,266 [INFO] PluginManage:359 - Loaded plugin pinoutconfig (category:base,tabindex:0)
2025-12-28 18:06:09,266 [INFO] PluginManage:310 - Check plugin power
2025-12-28 18:06:09,278 [INFO] PluginManage:359 - Loaded plugin power (category:power,tabindex:4)
2025-12-28 18:06:09,279 [INFO] PluginManage:310 - Check plugin projectmanager
2025-12-28 18:06:09,296 [INFO] PluginManage:359 - Loaded plugin projectmanager (category:projectmanager,tabindex:4)
2025-12-28 18:06:09,297 [INFO] PluginManage:310 - Check plugin rif
2025-12-28 18:06:09,305 [INFO] PluginManage:359 - Loaded plugin rif (category:base,tabindex:3)
2025-12-28 18:06:09,306 [INFO] PluginManage:310 - Check plugin thirdparty
2025-12-28 18:06:09,451 [WARN] IntegrityCheckThread:84 - waiting for thirdparty lock release [integrity check]
2025-12-28 18:06:09,451 [INFO] PluginManage:359 - Loaded plugin thirdparty (category:base,tabindex:-1)
2025-12-28 18:06:09,451 [INFO] PluginManage:310 - Check plugin tools
2025-12-28 18:06:09,452 [INFO] IntegrityCheckThread:86 - entering critical section [integrity check]
2025-12-28 18:06:09,452 [INFO] ThirdPartyUpdaterWithRetryManager:70 - Updater plugin not ready yet. [1/15]
2025-12-28 18:06:09,455 [INFO] PluginManage:359 - Loaded plugin tools (category:base,tabindex:7)
2025-12-28 18:06:09,455 [INFO] PluginManage:310 - Check plugin tutovideos
2025-12-28 18:06:09,694 [INFO] PluginManage:359 - Loaded plugin tutovideos (category:base,tabindex:-1)
2025-12-28 18:06:09,695 [INFO] PluginManage:310 - Check plugin updater
2025-12-28 18:06:09,714 [INFO] PluginManage:359 - Loaded plugin updater (category:base,tabindex:12)
2025-12-28 18:06:09,714 [INFO] PluginManage:310 - Check plugin userauth
2025-12-28 18:06:09,718 [INFO] UserAuth:118 - Init User Auth plugin
2025-12-28 18:06:09,718 [INFO] PluginManage:359 - Loaded plugin userauth (category:base,tabindex:14)
2025-12-28 18:06:09,719 [INFO] PluginManage:283 - PluginManage : Loaded plugins [18]
2025-12-28 18:06:10,126 [INFO] PinOutPanel:1589 - setPackage(No Configuration,No Configuration)
2025-12-28 18:06:10,274 [INFO] CADModel:165 - CPN selected for project level
2025-12-28 18:06:10,274 [INFO] CADModel:114 - Register for checkConnection events
2025-12-28 18:06:10,332 [INFO] IPUIPlugin:80 - create IPUIPlugin
2025-12-28 18:06:10,333 [INFO] PluginManager:220 - loadIPPluginJar : add adc
2025-12-28 18:06:10,337 [INFO] IPUIPlugin:80 - create IPUIPlugin
2025-12-28 18:06:10,338 [INFO] PluginManager:220 - loadIPPluginJar : add aes
2025-12-28 18:06:10,342 [INFO] IPUIPlugin:80 - create IPUIPlugin
2025-12-28 18:06:10,342 [INFO] PluginManager:220 - loadIPPluginJar : add can
2025-12-28 18:06:10,344 [INFO] IPUIPlugin:80 - create IPUIPlugin
2025-12-28 18:06:10,344 [INFO] PluginManager:220 - loadIPPluginJar : add comp
2025-12-28 18:06:10,348 [INFO] IPUIPlugin:80 - create IPUIPlugin
2025-12-28 18:06:10,350 [INFO] PluginManager:220 - loadIPPluginJar : add cryp
2025-12-28 18:06:10,355 [INFO] IPUIPlugin:80 - create IPUIPlugin
2025-12-28 18:06:10,355 [INFO] PluginManager:220 - loadIPPluginJar : add ddr_ctrl_phy
2025-12-28 18:06:10,377 [INFO] IPUIPlugin:80 - create IPUIPlugin
2025-12-28 18:06:10,378 [INFO] PluginManager:220 - loadIPPluginJar : add dfsdm
2025-12-28 18:06:10,387 [INFO] IPUIPlugin:80 - create IPUIPlugin
2025-12-28 18:06:10,389 [INFO] PluginManager:220 - loadIPPluginJar : add dma
2025-12-28 18:06:10,399 [INFO] IPUIPlugin:80 - create IPUIPlugin
2025-12-28 18:06:10,399 [INFO] PluginManager:220 - loadIPPluginJar : add dma3
2025-12-28 18:06:10,414 [INFO] IPUIPlugin:80 - create IPUIPlugin
2025-12-28 18:06:10,414 [INFO] PluginManager:220 - loadIPPluginJar : add extmemmanager
2025-12-28 18:06:10,469 [INFO] IPUIPlugin:80 - create IPUIPlugin
2025-12-28 18:06:10,469 [INFO] PluginManager:220 - loadIPPluginJar : add fatfs
2025-12-28 18:06:10,479 [INFO] IPUIPlugin:80 - create IPUIPlugin
2025-12-28 18:06:10,479 [INFO] PluginManager:220 - loadIPPluginJar : add fmc
2025-12-28 18:06:10,487 [INFO] IPUIPlugin:80 - create IPUIPlugin
2025-12-28 18:06:10,487 [INFO] PluginManager:220 - loadIPPluginJar : add freertos
2025-12-28 18:06:10,493 [INFO] IPUIPlugin:80 - create IPUIPlugin
2025-12-28 18:06:10,493 [INFO] PluginManager:220 - loadIPPluginJar : add genericplugin
2025-12-28 18:06:10,497 [INFO] IPUIPlugin:80 - create IPUIPlugin
2025-12-28 18:06:10,497 [INFO] PluginManager:220 - loadIPPluginJar : add gfxmmu
2025-12-28 18:06:10,503 [INFO] IPUIPlugin:80 - create IPUIPlugin
2025-12-28 18:06:10,503 [INFO] PluginManager:220 - loadIPPluginJar : add gic
2025-12-28 18:06:10,510 [INFO] IPUIPlugin:80 - create IPUIPlugin
2025-12-28 18:06:10,510 [INFO] PluginManager:220 - loadIPPluginJar : add gpio
2025-12-28 18:06:10,516 [INFO] IPUIPlugin:80 - create IPUIPlugin
2025-12-28 18:06:10,516 [INFO] PluginManager:220 - loadIPPluginJar : add gtzc
2025-12-28 18:06:10,519 [INFO] IPUIPlugin:80 - create IPUIPlugin
2025-12-28 18:06:10,519 [INFO] PluginManager:220 - loadIPPluginJar : add hash
2025-12-28 18:06:10,523 [INFO] IPUIPlugin:80 - create IPUIPlugin
2025-12-28 18:06:10,523 [INFO] PluginManager:220 - loadIPPluginJar : add i2c
2025-12-28 18:06:10,528 [INFO] IPUIPlugin:80 - create IPUIPlugin
2025-12-28 18:06:10,528 [INFO] PluginManager:220 - loadIPPluginJar : add i2s
2025-12-28 18:06:10,531 [INFO] IPUIPlugin:80 - create IPUIPlugin
2025-12-28 18:06:10,531 [INFO] PluginManager:220 - loadIPPluginJar : add i3c
2025-12-28 18:06:10,535 [INFO] IPUIPlugin:80 - create IPUIPlugin
2025-12-28 18:06:10,535 [INFO] PluginManager:220 - loadIPPluginJar : add ipddr
2025-12-28 18:06:10,546 [INFO] IPUIPlugin:80 - create IPUIPlugin
2025-12-28 18:06:10,546 [INFO] PluginManager:220 - loadIPPluginJar : add linkedlist
2025-12-28 18:06:10,549 [INFO] IPUIPlugin:80 - create IPUIPlugin
2025-12-28 18:06:10,549 [INFO] PluginManager:220 - loadIPPluginJar : add lorawan
2025-12-28 18:06:10,552 [INFO] IPUIPlugin:80 - create IPUIPlugin
2025-12-28 18:06:10,552 [INFO] PluginManager:220 - loadIPPluginJar : add ltdc
2025-12-28 18:06:10,564 [INFO] IPUIPlugin:80 - create IPUIPlugin
2025-12-28 18:06:10,564 [INFO] PluginManager:220 - loadIPPluginJar : add mdma
2025-12-28 18:06:10,573 [INFO] IPUIPlugin:80 - create IPUIPlugin
2025-12-28 18:06:10,573 [INFO] PluginManager:220 - loadIPPluginJar : add nvic
2025-12-28 18:06:10,578 [INFO] IPUIPlugin:80 - create IPUIPlugin
2025-12-28 18:06:10,578 [INFO] PluginManager:220 - loadIPPluginJar : add opamp
2025-12-28 18:06:10,582 [INFO] IPUIPlugin:80 - create IPUIPlugin
2025-12-28 18:06:10,582 [INFO] PluginManager:220 - loadIPPluginJar : add openamp
2025-12-28 18:06:10,586 [INFO] IPUIPlugin:80 - create IPUIPlugin
2025-12-28 18:06:10,586 [INFO] PluginManager:220 - loadIPPluginJar : add pdm2pcm
2025-12-28 18:06:10,596 [INFO] IPUIPlugin:80 - create IPUIPlugin
2025-12-28 18:06:10,599 [INFO] PluginManager:220 - loadIPPluginJar : add plateformsettings
2025-12-28 18:06:10,601 [INFO] IPUIPlugin:80 - create IPUIPlugin
2025-12-28 18:06:10,601 [INFO] PluginManager:220 - loadIPPluginJar : add quadspi
2025-12-28 18:06:10,605 [INFO] IPUIPlugin:80 - create IPUIPlugin
2025-12-28 18:06:10,606 [INFO] PluginManager:220 - loadIPPluginJar : add radio
2025-12-28 18:06:10,612 [INFO] IPUIPlugin:80 - create IPUIPlugin
2025-12-28 18:06:10,612 [INFO] PluginManager:220 - loadIPPluginJar : add resmgrutility
2025-12-28 18:06:10,616 [INFO] IPUIPlugin:80 - create IPUIPlugin
2025-12-28 18:06:10,616 [INFO] PluginManager:220 - loadIPPluginJar : add sai
2025-12-28 18:06:10,619 [INFO] IPUIPlugin:80 - create IPUIPlugin
2025-12-28 18:06:10,619 [INFO] PluginManager:220 - loadIPPluginJar : add spi
2025-12-28 18:06:10,629 [INFO] IPUIPlugin:80 - create IPUIPlugin
2025-12-28 18:06:10,629 [INFO] PluginManager:220 - loadIPPluginJar : add stm32_wpan
2025-12-28 18:06:10,631 [INFO] IPUIPlugin:80 - create IPUIPlugin
2025-12-28 18:06:10,631 [INFO] PluginManager:220 - loadIPPluginJar : add tim
2025-12-28 18:06:10,635 [INFO] IPUIPlugin:80 - create IPUIPlugin
2025-12-28 18:06:10,636 [INFO] PluginManager:220 - loadIPPluginJar : add touchsensing
2025-12-28 18:06:10,642 [INFO] IPUIPlugin:80 - create IPUIPlugin
2025-12-28 18:06:10,642 [INFO] PluginManager:220 - loadIPPluginJar : add tracer_emb
2025-12-28 18:06:10,644 [INFO] IPUIPlugin:80 - create IPUIPlugin
2025-12-28 18:06:10,645 [INFO] PluginManager:220 - loadIPPluginJar : add ts
2025-12-28 18:06:10,647 [INFO] IPUIPlugin:80 - create IPUIPlugin
2025-12-28 18:06:10,647 [INFO] PluginManager:220 - loadIPPluginJar : add tsc
2025-12-28 18:06:10,650 [INFO] IPUIPlugin:80 - create IPUIPlugin
2025-12-28 18:06:10,650 [INFO] PluginManager:220 - loadIPPluginJar : add ucpd
2025-12-28 18:06:10,655 [INFO] IPUIPlugin:80 - create IPUIPlugin
2025-12-28 18:06:10,655 [INFO] PluginManager:220 - loadIPPluginJar : add usart
2025-12-28 18:06:10,661 [INFO] IPUIPlugin:80 - create IPUIPlugin
2025-12-28 18:06:10,661 [INFO] PluginManager:220 - loadIPPluginJar : add usbx
2025-12-28 18:06:10,887 [FATAL] Updater:351 - Updater called before beeing initialized
2025-12-28 18:06:10,971 [INFO] RulesReader:64 - Compatibility file has been processed (317 Rules)
2025-12-28 18:06:10,982 [INFO] RulesReader:64 - Compatibility file has been processed (317 Rules)
2025-12-28 18:06:10,992 [INFO] CADModel:165 - CPN selected for project level
2025-12-28 18:06:10,993 [INFO] CADModel:114 - Register for checkConnection events
2025-12-28 18:06:10,993 [FATAL] Updater:351 - Updater called before beeing initialized
2025-12-28 18:06:10,993 [ERROR] CADModel:125 - Updater not yet initialized, retry later 
2025-12-28 18:06:11,209 [FATAL] Updater:351 - Updater called before beeing initialized
2025-12-28 18:06:11,212 [INFO] CADModel:165 - CPN selected for project level
2025-12-28 18:06:11,212 [INFO] CADModel:114 - Register for checkConnection events
2025-12-28 18:06:11,212 [FATAL] Updater:351 - Updater called before beeing initialized
2025-12-28 18:06:11,212 [ERROR] CADModel:125 - Updater not yet initialized, retry later 
2025-12-28 18:06:11,216 [FATAL] Updater:351 - Updater called before beeing initialized
2025-12-28 18:06:11,376 [FATAL] Updater:351 - Updater called before beeing initialized
2025-12-28 18:06:11,389 [INFO] DbMcusAds:53 - JSON generation date=Fri Dec 05 18:13:14 KST 2025 (1764925994673)
2025-12-28 18:06:11,390 [FATAL] Updater:351 - Updater called before beeing initialized
2025-12-28 18:06:11,437 [WARN] DetailPanel:346 - Failed to get advertising image, set to default
2025-12-28 18:06:11,543 [FATAL] Updater:351 - Updater called before beeing initialized
2025-12-28 18:06:11,544 [FATAL] Updater:351 - Updater called before beeing initialized
2025-12-28 18:06:11,544 [FATAL] Updater:351 - Updater called before beeing initialized
2025-12-28 18:06:11,545 [WARN] DetailPanel:346 - Failed to get advertising image, set to default
2025-12-28 18:06:11,545 [FATAL] Updater:351 - Updater called before beeing initialized
2025-12-28 18:06:11,678 [ERROR] Updater:1198 - MainUpdater not yet initialized. External WinMGr cannot be set.
2025-12-28 18:06:11,681 [INFO] Updater:1134 - Updater Version found : 6.15.0
2025-12-28 18:06:11,704 [INFO] ApplicationProperties:184 - Using Application install path: C:\ST\STM32CubeIDE_1.19.0\STM32CubeIDE\plugins\com.st.stm32cube.common.mx_6.15.0.202507011659
2025-12-28 18:06:12,460 [INFO] ThirdPartyUpdaterWithRetryManager:70 - Updater plugin not ready yet. [2/15]
2025-12-28 18:06:13,368 [ERROR] LogOutputStream:75 - [STDERR_REDIRECT] Dec 28, 2025 6:06:13 PM java.util.prefs.WindowsPreferences <init>
2025-12-28 18:06:13,369 [ERROR] LogOutputStream:75 - [STDERR_REDIRECT] WARNING: Could not open/create prefs root node Software\JavaSoft\Prefs at root 0xffffffff80000002. Windows RegCreateKeyEx(...) returned error code 5.
2025-12-28 18:06:13,370 [ERROR] LogOutputStream:75 - [STDERR_REDIRECT] 
2025-12-28 18:06:14,179 [INFO] MainUpdater:2872 - connection check result : 10
2025-12-28 18:06:14,179 [INFO] MainUpdater:3604 - Updater definition file requires update
2025-12-28 18:06:14,180 [INFO] MainUpdater:289 - Updater Check For Update Now.
2025-12-28 18:06:14,180 [INFO] MicroXplorer:498 - Change Database Version : DB.6.0.150
2025-12-28 18:06:14,186 [INFO] McuFinderGlobals:63 - Set McuFinder mode to 2 (CubeIDE integrated)
2025-12-28 18:06:14,187 [INFO] UserAuth:487 - Internet connection configuration mode: 1
2025-12-28 18:06:14,220 [INFO] JxBrowserEngine:152 - Initiate JxBrowser Engine with user profile folder
2025-12-28 18:06:14,339 [INFO] ServerAccessManage:452 - Complete download http(s) 200
2025-12-28 18:06:14,340 [INFO] ServerAccessManage:509 - Download File updaters.zip
2025-12-28 18:06:14,765 [INFO] FileExtend:248 - Unzip File : updaters.zip
2025-12-28 18:06:14,765 [INFO] FileExtend:263 - Standard Zip Deflate
2025-12-28 18:06:15,414 [INFO] ServerAccessManage:452 - Complete download http(s) 200
2025-12-28 18:06:15,414 [INFO] ServerAccessManage:509 - Download File PacksControlFlags.xml
2025-12-28 18:06:15,515 [WARN] MainUpdater:1193 - Updater busy. Cannot search thirdparties
2025-12-28 18:06:15,515 [INFO] ThirdPartyUpdaterWithRetryManager:96 - Updater plugin is busy. [1/15]
2025-12-28 18:06:15,614 [INFO] WebApp:169 - Instantiating new browser for Auth
2025-12-28 18:06:15,653 [INFO] ServerAccessManage:452 - Complete download http(s) 200
2025-12-28 18:06:15,653 [INFO] ServerAccessManage:509 - Download File cubemx.pidx
2025-12-28 18:06:15,920 [INFO] LoadServerUpdatesThread:375 - End of LoadServerUpdate Thread
2025-12-28 18:06:16,248 [INFO] CheckServerUpdateThread:120 - End of CheckServer Thread
2025-12-28 18:06:16,871 [INFO] WebApp:463 - Apply proxy settings
2025-12-28 18:06:16,872 [INFO] WebApp:548 - Chromium requires no authentication
2025-12-28 18:06:16,887 [INFO] WebApp:491 - Direct internet connection detected
2025-12-28 18:06:16,919 [INFO] WebApp:900 - Register for checkConnection events
2025-12-28 18:06:16,920 [INFO] WebApp:463 - Apply proxy settings
2025-12-28 18:06:16,920 [INFO] WebApp:548 - Chromium requires no authentication
2025-12-28 18:06:16,920 [INFO] WebApp:491 - Direct internet connection detected
2025-12-28 18:06:17,152 [INFO] WebApp:191 - Connection restablished
2025-12-28 18:06:17,177 [INFO] WebApp:225 - Starting web application
2025-12-28 18:06:17,178 [INFO] WebApp:593 - Web application path used C:\ST\STM32CubeIDE_1.19.0\STM32CubeIDE\plugins\com.st.stm32cube.common.mx_6.15.0.202507011659\db\plugins\mcufinder\reactClient1\index.html
2025-12-28 18:06:17,434 [INFO] UserAuth:487 - Internet connection configuration mode: 1
2025-12-28 18:06:18,822 [WARN] PackLoader:240 - Cannot read IP mode file for STMicroelectronics.FP-SNS-MOTENVWB1.1.4.0
2025-12-28 18:06:18,840 [WARN] PackLoader:240 - Cannot read IP mode file for STMicroelectronics.FP-ATR-ASTRA1.2.0.2
2025-12-28 18:06:18,853 [WARN] PackLoader:240 - Cannot read IP mode file for STMicroelectronics.X-CUBE-SMBUS.2.1.0
2025-12-28 18:06:18,890 [WARN] PackLoader:240 - Cannot read IP mode file for STMicroelectronics.X-CUBE-AZRTOS-F7.1.1.0
2025-12-28 18:06:18,906 [WARN] PackLoader:240 - Cannot read IP mode file for STMicroelectronics.FP-SNS-MOTENV1.5.1.0
2025-12-28 18:06:18,921 [WARN] PackLoader:240 - Cannot read IP mode file for WES.I-CUBE-Cesium.1.4.0
2025-12-28 18:06:18,966 [WARN] PackLoader:240 - Cannot read IP mode file for STMicroelectronics.X-CUBE-AZRTOS-H7.3.4.0
2025-12-28 18:06:18,994 [WARN] PackLoader:240 - Cannot read IP mode file for STMicroelectronics.X-CUBE-DISPLAY.3.0.0
2025-12-28 18:06:19,026 [WARN] PackLoader:240 - Cannot read IP mode file for STMicroelectronics.X-CUBE-NFC10.1.0.0
2025-12-28 18:06:19,029 [WARN] PackLoader:240 - Cannot read IP mode file for STMicroelectronics.X-CUBE-ST60.1.1.0
2025-12-28 18:06:19,038 [WARN] PackLoader:240 - Cannot read IP mode file for emotas.I-CUBE-CANOPEN.1.3.0
2025-12-28 18:06:19,050 [WARN] PackLoader:240 - Cannot read IP mode file for STMicroelectronics.X-CUBE-GNSS1.7.1.0
2025-12-28 18:06:19,059 [WARN] PackLoader:240 - Cannot read IP mode file for STMicroelectronics.FP-SNS-STBOX1.2.1.0
2025-12-28 18:06:19,070 [WARN] PackLoader:240 - Cannot read IP mode file for STMicroelectronics.FP-SNS-SMARTAG2.1.2.0
2025-12-28 18:06:19,075 [WARN] PackLoader:240 - Cannot read IP mode file for STMicroelectronics.FP-SNS-FLIGHT1.5.1.0
2025-12-28 18:06:19,093 [INFO] LogOutputStream:77 - [STDOUT_REDIRECT] 1 : Invalid condition id : UX_CORESTACK_Condition cause : null
2025-12-28 18:06:19,094 [INFO] LogOutputStream:77 - [STDOUT_REDIRECT] 1 : Invalid condition id : UX_CORESTACK_Condition cause : null
2025-12-28 18:06:19,095 [INFO] LogOutputStream:77 - [STDOUT_REDIRECT] 1 : Invalid condition id : UX_CORESTACK_Condition cause : null
2025-12-28 18:06:19,102 [INFO] LogOutputStream:77 - [STDOUT_REDIRECT] 1 : Invalid condition id : UX_CORESTACK_Condition cause : null
2025-12-28 18:06:19,103 [INFO] LogOutputStream:77 - [STDOUT_REDIRECT] 1 : Invalid condition id : UX_CORESTACK_Condition cause : null
2025-12-28 18:06:19,117 [WARN] PackLoader:240 - Cannot read IP mode file for STMicroelectronics.X-CUBE-AZRTOS-WL.2.0.0
2025-12-28 18:06:19,141 [WARN] PackLoader:240 - Cannot read IP mode file for STMicroelectronics.X-CUBE-AZRTOS-H7RS.1.2.0
2025-12-28 18:06:19,154 [WARN] PackLoader:240 - Cannot read IP mode file for STMicroelectronics.X-CUBE-BLE2.3.3.0
2025-12-28 18:06:19,200 [WARN] PackLoader:240 - Cannot read IP mode file for Infineon.AIROC-Wi-Fi-Bluetooth-STM32.1.8.0
2025-12-28 18:06:19,223 [WARN] PackLoader:240 - Cannot read IP mode file for STMicroelectronics.X-CUBE-NFC9.1.0.0
2025-12-28 18:06:19,234 [WARN] PackLoader:240 - Cannot read IP mode file for STMicroelectronics.X-CUBE-BLE1.7.1.0
2025-12-28 18:06:19,239 [WARN] PackLoader:240 - Cannot read IP mode file for wolfSSL.I-CUBE-wolfMQTT.1.19.2
2025-12-28 18:06:19,249 [WARN] PackLoader:240 - Cannot read IP mode file for STMicroelectronics.X-CUBE-FREERTOS.1.4.0
2025-12-28 18:06:19,255 [WARN] PackLoader:240 - Cannot read IP mode file for STMicroelectronics.X-CUBE-EEPRMA1.5.2.0
2025-12-28 18:06:19,260 [WARN] PackLoader:240 - Cannot read IP mode file for wolfSSL.I-CUBE-wolfSSL.5.8.4
2025-12-28 18:06:19,275 [WARN] PackLoader:240 - Cannot read IP mode file for Cesanta.I-CUBE-Mongoose.7.20.0
2025-12-28 18:06:19,286 [WARN] PackLoader:240 - Cannot read IP mode file for STMicroelectronics.X-CUBE-ST67W61.1.1.0
2025-12-28 18:06:19,343 [WARN] PackLoader:240 - Cannot read IP mode file for STMicroelectronics.X-CUBE-MEMS1.12.0.0
2025-12-28 18:06:19,470 [WARN] PackLoader:240 - Cannot read IP mode file for STMicroelectronics.X-CUBE-AZRTOS-G0.1.1.0
2025-12-28 18:06:19,477 [WARN] PackLoader:240 - Cannot read IP mode file for STMicroelectronics.X-CUBE-NFC4.3.0.0
2025-12-28 18:06:19,489 [WARN] PackLoader:240 - Cannot read IP mode file for EmbeddedOffice.I-CUBE-FS-RTOS.1.0.1
2025-12-28 18:06:19,494 [WARN] PackLoader:240 - Cannot read IP mode file for STMicroelectronics.X-CUBE-WB05N.2.0.0
2025-12-28 18:06:19,501 [WARN] PackLoader:240 - Cannot read IP mode file for wolfSSL.I-CUBE-wolfTPM.3.8.0
2025-12-28 18:06:19,501 [WARN] PackLoader:240 - Cannot read IP mode file for STMicroelectronics.X-CUBE-TCPP.4.2.0
2025-12-28 18:06:19,524 [WARN] PackLoader:240 - Cannot read IP mode file for RealThread.X-CUBE-RT-Thread_Nano.4.1.1
2025-12-28 18:06:19,535 [WARN] PackLoader:240 - Cannot read IP mode file for STMicroelectronics.FP-ATR-SIGFOX1.3.2.0
2025-12-28 18:06:19,541 [WARN] PackLoader:240 - Cannot read IP mode file for ITTIA_DB.I-CUBE-ITTIADB.8.9.0
2025-12-28 18:06:19,550 [WARN] PackLoader:240 - Cannot read IP mode file for STMicroelectronics.X-CUBE-AI.10.2.0
2025-12-28 18:06:19,592 [WARN] PackLoader:240 - Cannot read IP mode file for SEGGER.I-CUBE-embOS.1.3.1
2025-12-28 18:06:19,644 [WARN] PackLoader:240 - Cannot read IP mode file for STMicroelectronics.X-CUBE-ALGOBUILD.1.4.0
2025-12-28 18:06:19,651 [WARN] PackLoader:240 - Cannot read IP mode file for STMicroelectronics.X-CUBE-PM33A1.1.0.0
2025-12-28 18:06:19,670 [WARN] PackLoader:240 - Cannot read IP mode file for STMicroelectronics.X-CUBE-AZRTOS-F4.1.1.0
2025-12-28 18:06:19,675 [WARN] PackLoader:240 - Cannot read IP mode file for STMicroelectronics.X-CUBE-ISPU.2.1.0
2025-12-28 18:06:19,690 [WARN] PackLoader:240 - Cannot read IP mode file for STMicroelectronics.X-CUBE-IPS.3.2.0
2025-12-28 18:06:19,706 [WARN] PackLoader:240 - Cannot read IP mode file for STMicroelectronics.X-CUBE-NFC12.1.0.0
2025-12-28 18:06:19,722 [WARN] PackLoader:240 - Cannot read IP mode file for STMicroelectronics.X-CUBE-AZRTOS-L5.2.0.0
2025-12-28 18:06:19,733 [WARN] PackLoader:240 - Cannot read IP mode file for STMicroelectronics.X-CUBE-NFC6.3.1.0
2025-12-28 18:06:19,741 [WARN] PackLoader:240 - Cannot read IP mode file for STMicroelectronics.X-CUBE-TOUCHGFX.4.26.0
2025-12-28 18:06:19,788 [WARN] PackLoader:240 - Cannot read IP mode file for STMicroelectronics.FP-SNS-STAIOTCFT.1.0.0
2025-12-28 18:06:19,792 [WARN] PackLoader:240 - Cannot read IP mode file for STMicroelectronics.X-CUBE-DPower.1.3.0
2025-12-28 18:06:19,809 [WARN] ConditionMgr:438 - getConditionDescription Invalid condition id : LAN8742 Phy interface Condition cause : null
2025-12-28 18:06:19,810 [WARN] PackLoader:240 - Cannot read IP mode file for STMicroelectronics.X-CUBE-AZRTOS-L4.2.0.0
2025-12-28 18:06:19,811 [WARN] ConditionMgr:1044 - genDependencies : Invalid condition id : LAN8742 Phy interface Condition cause : null
2025-12-28 18:06:19,811 [WARN] ConditionMgr:1044 - genDependencies : Invalid condition id : LAN8742 Phy interface Condition cause : null
2025-12-28 18:06:19,814 [WARN] ConditionMgr:1044 - genDependencies : Invalid condition id : LAN8742 Phy interface Condition cause : null
2025-12-28 18:06:19,823 [WARN] PackLoader:240 - Cannot read IP mode file for STMicroelectronics.X-CUBE-SFXS2LP1.4.0.0
2025-12-28 18:06:19,843 [WARN] PackLoader:240 - Cannot read IP mode file for STMicroelectronics.X-CUBE-BLEMGR.4.1.0
2025-12-28 18:06:19,859 [WARN] ConditionMgr:438 - getConditionDescription Invalid condition id : UX DEVICE CLASS RTOS Condition cause : null
2025-12-28 18:06:19,859 [WARN] ConditionMgr:438 - getConditionDescription Invalid condition id : UX DEVICE CLASS RTOS Condition cause : null
2025-12-28 18:06:19,861 [WARN] PackLoader:240 - Cannot read IP mode file for STMicroelectronics.X-CUBE-AZRTOS-WB.2.0.0
2025-12-28 18:06:19,861 [WARN] ConditionMgr:1044 - genDependencies : Invalid condition id : UX DEVICE CLASS RTOS Condition cause : null
2025-12-28 18:06:19,861 [WARN] ConditionMgr:1044 - genDependencies : Invalid condition id : UX DEVICE CLASS RTOS Condition cause : null
2025-12-28 18:06:19,861 [WARN] ConditionMgr:1044 - genDependencies : Invalid condition id : UX DEVICE CLASS RTOS Condition cause : null
2025-12-28 18:06:19,862 [WARN] ConditionMgr:1044 - genDependencies : Invalid condition id : UX DEVICE CLASS RTOS Condition cause : null
2025-12-28 18:06:19,862 [WARN] ConditionMgr:1044 - genDependencies : Invalid condition id : UX DEVICE CLASS RTOS Condition cause : null
2025-12-28 18:06:19,869 [WARN] ConditionMgr:438 - getConditionDescription Invalid condition id : Cortex-A Device cause : null
2025-12-28 18:06:19,874 [WARN] ConditionMgr:1044 - genDependencies : Invalid condition id : Cortex-A Device cause : null
2025-12-28 18:06:19,874 [WARN] ConditionMgr:1044 - genDependencies : Invalid condition id : Cortex-A Device cause : null
2025-12-28 18:06:19,874 [WARN] ConditionMgr:1044 - genDependencies : Invalid condition id : Cortex-A Device cause : null
2025-12-28 18:06:19,888 [WARN] PackLoader:240 - Cannot read IP mode file for STMicroelectronics.X-CUBE-SUBG2.5.0.0
2025-12-28 18:06:19,906 [WARN] PackLoader:240 - Cannot read IP mode file for STMicroelectronics.X-CUBE-AZRTOS-G4.2.0.0
2025-12-28 18:06:19,910 [WARN] PackLoader:240 - Cannot read IP mode file for wolfSSL.I-CUBE-wolfSSH.1.4.20
2025-12-28 18:06:19,920 [WARN] PackLoader:240 - Cannot read IP mode file for STMicroelectronics.X-CUBE-NFC7.2.0.0
2025-12-28 18:06:19,923 [WARN] PackLoader:240 - Cannot read IP mode file for STMicroelectronics.X-CUBE-ALS.1.0.2
2025-12-28 18:06:19,935 [WARN] PackLoader:240 - Cannot read IP mode file for STMicroelectronics.X-CUBE-STSE01.1.0.0
2025-12-28 18:06:19,944 [WARN] PackLoader:240 - Cannot read IP mode file for STMicroelectronics.X-CUBE-TOF1.3.4.3
2025-12-28 18:06:19,955 [INFO] ThirdParty:978 - Integrity check success = true
2025-12-28 18:06:19,955 [INFO] IntegrityCheckThread:100 - exiting critical section [integrity check]
2025-12-28 18:06:19,955 [INFO] IntegrityCheckThread:103 - End integrity checks thread
