2025-11-12 00:54:32,450 [INFO] Activator:176 - 


2025-11-12 00:54:32,458 [INFO] Activator:177 - !SESSION log4j initialized
2025-11-12 00:54:46,949 [INFO] LogOutputStream:77 - [STDOUT_REDIRECT] 
2025-11-12 00:55:01,778 [INFO] ApplicationProperties:184 - Using Application install path: C:\ST\STM32CubeIDE_1.18.1\STM32CubeIDE\plugins\com.st.stm32cube.common.mx_6.15.0.202507011659
2025-11-12 00:55:01,797 [INFO] DbMcusXml:78 - Set database path to: C:\ST\STM32CubeIDE_1.18.1\STM32CubeIDE\plugins\com.st.stm32cube.common.mx_6.15.0.202507011659\\db\/mcu/
2025-11-12 00:55:01,798 [INFO] ApiDb:274 - Set plugin database path to: C:\ST\STM32CubeIDE_1.18.1\STM32CubeIDE\plugins\com.st.stm32cube.common.mx_6.15.0.202507011659\\db\/plugins/boardmanager/
2025-11-12 00:55:01,798 [WARN] ApiDb:259 - Overriding images path with different value:  => C:\ST\STM32CubeIDE_1.18.1\STM32CubeIDE\plugins\com.st.stm32cube.common.mx_6.15.0.202507011659\\db\/plugins/mcufinder/images/
2025-11-12 00:55:01,807 [INFO] ApiDb:250 - Set database path to: C:\Users\vermi\.stmcufinder\plugins\mcufinder//mcu/
2025-11-12 00:55:01,809 [INFO] DbMcusAds:125 - Set database path to: C:\Users\vermi\.stmcufinder\plugins\mcufinder//mcu/
2025-11-12 00:55:01,811 [INFO] CrossReferenceDbSqlite:203 - Set database path to: C:\Users\vermi\.stmcufinder\plugins\mcufinder//mcu/cs/
2025-11-12 00:55:01,960 [INFO] RulesReader:64 - Compatibility file has been processed (317 Rules)
2025-11-12 00:55:02,055 [INFO] DbMcusXml:78 - Set database path to: C:\ST\STM32CubeIDE_1.18.1\STM32CubeIDE\plugins\com.st.stm32cube.common.mx_6.15.0.202507011659\\db\/mcu/
2025-11-12 00:55:02,055 [INFO] ApiDb:274 - Set plugin database path to: C:\ST\STM32CubeIDE_1.18.1\STM32CubeIDE\plugins\com.st.stm32cube.common.mx_6.15.0.202507011659\\db\/plugins/boardmanager/
2025-11-12 00:55:02,055 [INFO] ApiDb:261 - Set plugin images path to: C:\ST\STM32CubeIDE_1.18.1\STM32CubeIDE\plugins\com.st.stm32cube.common.mx_6.15.0.202507011659\\db\/plugins/mcufinder/images/
2025-11-12 00:55:02,055 [WARN] DbFile:41 - Overriding database path with different value: C:\Users\vermi\.stmcufinder\plugins\mcufinder/ => C:\Users\vermi\.stmcufinder\plugins\mcufinder
2025-11-12 00:55:02,055 [INFO] ApiDb:250 - Set database path to: C:\Users\vermi\.stmcufinder\plugins\mcufinder//mcu/
2025-11-12 00:55:02,057 [WARN] DbFile:41 - Overriding database path with different value: C:\Users\vermi\.stmcufinder\plugins\mcufinder/ => C:\Users\vermi\.stmcufinder\plugins\mcufinder
2025-11-12 00:55:02,057 [INFO] DbMcusAds:125 - Set database path to: C:\Users\vermi\.stmcufinder\plugins\mcufinder//mcu/
2025-11-12 00:55:02,057 [WARN] DbFile:41 - Overriding database path with different value: C:\Users\vermi\.stmcufinder\plugins\mcufinder/ => C:\Users\vermi\.stmcufinder\plugins\mcufinder
2025-11-12 00:55:02,057 [WARN] DbFile:41 - Overriding database path with different value: C:\Users\vermi\.stmcufinder\plugins\mcufinder/ => C:\Users\vermi\.stmcufinder\plugins\mcufinder
2025-11-12 00:55:02,057 [INFO] CrossReferenceDbSqlite:203 - Set database path to: C:\Users\vermi\.stmcufinder\plugins\mcufinder//mcu/cs/
2025-11-12 00:55:02,167 [INFO] MainPanel:274 - HeapMemory: 268435456
2025-11-12 00:55:02,285 [INFO] DbMcusXml:78 - Set database path to: C:\ST\STM32CubeIDE_1.18.1\STM32CubeIDE\plugins\com.st.stm32cube.common.mx_6.15.0.202507011659\\db\/mcu/
2025-11-12 00:55:02,285 [INFO] ApiDb:274 - Set plugin database path to: C:\ST\STM32CubeIDE_1.18.1\STM32CubeIDE\plugins\com.st.stm32cube.common.mx_6.15.0.202507011659\\db\/plugins/boardmanager/
2025-11-12 00:55:02,286 [INFO] ApiDb:261 - Set plugin images path to: C:\ST\STM32CubeIDE_1.18.1\STM32CubeIDE\plugins\com.st.stm32cube.common.mx_6.15.0.202507011659\\db\/plugins/mcufinder/images/
2025-11-12 00:55:02,286 [WARN] DbFile:41 - Overriding database path with different value: C:\Users\vermi\.stmcufinder\plugins\mcufinder/ => C:\Users\vermi\.stmcufinder\plugins\mcufinder
2025-11-12 00:55:02,287 [INFO] ApiDb:250 - Set database path to: C:\Users\vermi\.stmcufinder\plugins\mcufinder//mcu/
2025-11-12 00:55:02,287 [WARN] DbFile:41 - Overriding database path with different value: C:\Users\vermi\.stmcufinder\plugins\mcufinder/ => C:\Users\vermi\.stmcufinder\plugins\mcufinder
2025-11-12 00:55:02,287 [INFO] DbMcusAds:125 - Set database path to: C:\Users\vermi\.stmcufinder\plugins\mcufinder//mcu/
2025-11-12 00:55:02,287 [WARN] DbFile:41 - Overriding database path with different value: C:\Users\vermi\.stmcufinder\plugins\mcufinder/ => C:\Users\vermi\.stmcufinder\plugins\mcufinder
2025-11-12 00:55:02,287 [WARN] DbFile:41 - Overriding database path with different value: C:\Users\vermi\.stmcufinder\plugins\mcufinder/ => C:\Users\vermi\.stmcufinder\plugins\mcufinder
2025-11-12 00:55:02,287 [INFO] CrossReferenceDbSqlite:203 - Set database path to: C:\Users\vermi\.stmcufinder\plugins\mcufinder//mcu/cs/
2025-11-12 00:55:02,310 [INFO] ApplicationProperties:184 - Using Application install path: C:\ST\STM32CubeIDE_1.18.1\STM32CubeIDE\plugins\com.st.stm32cube.common.mx_6.15.0.202507011659
2025-11-12 00:55:02,312 [INFO] PluginManage:196 - Search for loadable plugins [exclusion list=, ]
2025-11-12 00:55:02,313 [INFO] PluginManage:310 - Check plugin analytics
2025-11-12 00:55:02,548 [INFO] AnalyticsPlugin:253 - Accepted Software Licenses: 
2025-11-12 00:55:02,549 [INFO] AnalyticsPlugin:255 - Accepted CMSIS Pack Licenses: STMicroelectronics.X-CUBE-TOUCHGFX.4.25.0
2025-11-12 00:55:02,549 [INFO] AnalyticsPlugin:257 - Accepted Firmware Licenses: FW.F4.1.28.0
2025-11-12 00:55:02,551 [INFO] PluginManage:359 - Loaded plugin analytics (category:tool,tabindex:-1)
2025-11-12 00:55:02,551 [INFO] PluginManage:310 - Check plugin cadmodel
2025-11-12 00:55:02,563 [INFO] CADModel:105 - Init CAD model plugin
2025-11-12 00:55:02,564 [INFO] PluginManage:359 - Loaded plugin cadmodel (category:power,tabindex:5)
2025-11-12 00:55:02,564 [INFO] PluginManage:310 - Check plugin clock
2025-11-12 00:55:02,578 [INFO] PluginManage:359 - Loaded plugin clock (category:base,tabindex:2)
2025-11-12 00:55:02,579 [INFO] PluginManage:310 - Check plugin ddr
2025-11-12 00:55:02,581 [INFO] PluginManage:359 - Loaded plugin ddr (category:tool,tabindex:6)
2025-11-12 00:55:02,581 [INFO] PluginManage:310 - Check plugin filemanager
2025-11-12 00:55:02,745 [INFO] PluginManage:359 - Loaded plugin filemanager (category:base,tabindex:10)
2025-11-12 00:55:02,745 [INFO] PluginManage:310 - Check plugin ipmanager
2025-11-12 00:55:02,752 [INFO] PluginManage:359 - Loaded plugin ipmanager (category:base,tabindex:5)
2025-11-12 00:55:02,753 [INFO] PluginManage:310 - Check plugin lpbam
2025-11-12 00:55:02,763 [INFO] PluginManage:359 - Loaded plugin lpbam (category:base,tabindex:0)
2025-11-12 00:55:02,763 [INFO] PluginManage:310 - Check plugin memorymap
2025-11-12 00:55:02,779 [INFO] PluginManage:359 - Loaded plugin memorymap (category:base,tabindex:4)
2025-11-12 00:55:02,779 [INFO] PluginManage:310 - Check plugin pinoutandconfiguration
2025-11-12 00:55:02,788 [INFO] PluginManage:359 - Loaded plugin pinoutandconfiguration (category:base,tabindex:1)
2025-11-12 00:55:02,788 [INFO] PluginManage:310 - Check plugin pinoutconfig
2025-11-12 00:55:02,897 [WARN] SupportedApi:132 - Cannot load RTOS API schema: s4s-elt-must-match.1: The content of 'definitions' must match (annotation?, (simpleType | complexType)?, (unique | key | keyref)*)). A problem was found starting at: attribute.
2025-11-12 00:55:03,132 [INFO] PluginManage:359 - Loaded plugin pinoutconfig (category:base,tabindex:0)
2025-11-12 00:55:03,132 [INFO] PluginManage:310 - Check plugin power
2025-11-12 00:55:03,148 [INFO] PluginManage:359 - Loaded plugin power (category:power,tabindex:4)
2025-11-12 00:55:03,148 [INFO] PluginManage:310 - Check plugin projectmanager
2025-11-12 00:55:03,177 [INFO] PluginManage:359 - Loaded plugin projectmanager (category:projectmanager,tabindex:4)
2025-11-12 00:55:03,177 [INFO] PluginManage:310 - Check plugin rif
2025-11-12 00:55:03,191 [INFO] PluginManage:359 - Loaded plugin rif (category:base,tabindex:3)
2025-11-12 00:55:03,192 [INFO] PluginManage:310 - Check plugin thirdparty
2025-11-12 00:55:03,416 [INFO] PluginManage:359 - Loaded plugin thirdparty (category:base,tabindex:-1)
2025-11-12 00:55:03,416 [INFO] PluginManage:310 - Check plugin tools
2025-11-12 00:55:03,418 [WARN] IntegrityCheckThread:84 - waiting for thirdparty lock release [integrity check]
2025-11-12 00:55:03,419 [INFO] IntegrityCheckThread:86 - entering critical section [integrity check]
2025-11-12 00:55:03,419 [INFO] PluginManage:359 - Loaded plugin tools (category:base,tabindex:7)
2025-11-12 00:55:03,419 [INFO] PluginManage:310 - Check plugin tutovideos
2025-11-12 00:55:03,419 [INFO] ThirdPartyUpdaterWithRetryManager:70 - Updater plugin not ready yet. [1/15]
2025-11-12 00:55:03,665 [INFO] PluginManage:359 - Loaded plugin tutovideos (category:base,tabindex:-1)
2025-11-12 00:55:03,665 [INFO] PluginManage:310 - Check plugin updater
2025-11-12 00:55:03,699 [INFO] PluginManage:359 - Loaded plugin updater (category:base,tabindex:12)
2025-11-12 00:55:03,700 [INFO] PluginManage:310 - Check plugin userauth
2025-11-12 00:55:03,706 [INFO] UserAuth:118 - Init User Auth plugin
2025-11-12 00:55:03,707 [INFO] PluginManage:359 - Loaded plugin userauth (category:base,tabindex:14)
2025-11-12 00:55:03,708 [INFO] PluginManage:283 - PluginManage : Loaded plugins [18]
2025-11-12 00:55:04,038 [INFO] PinOutPanel:1589 - setPackage(No Configuration,No Configuration)
2025-11-12 00:55:04,150 [INFO] CADModel:165 - CPN selected for project level
2025-11-12 00:55:04,150 [INFO] CADModel:114 - Register for checkConnection events
2025-11-12 00:55:04,174 [INFO] IPUIPlugin:80 - create IPUIPlugin
2025-11-12 00:55:04,174 [INFO] PluginManager:220 - loadIPPluginJar : add adc
2025-11-12 00:55:04,179 [INFO] IPUIPlugin:80 - create IPUIPlugin
2025-11-12 00:55:04,180 [INFO] PluginManager:220 - loadIPPluginJar : add aes
2025-11-12 00:55:04,183 [INFO] IPUIPlugin:80 - create IPUIPlugin
2025-11-12 00:55:04,184 [INFO] PluginManager:220 - loadIPPluginJar : add can
2025-11-12 00:55:04,188 [INFO] IPUIPlugin:80 - create IPUIPlugin
2025-11-12 00:55:04,188 [INFO] PluginManager:220 - loadIPPluginJar : add comp
2025-11-12 00:55:04,192 [INFO] IPUIPlugin:80 - create IPUIPlugin
2025-11-12 00:55:04,192 [INFO] PluginManager:220 - loadIPPluginJar : add cryp
2025-11-12 00:55:04,196 [INFO] IPUIPlugin:80 - create IPUIPlugin
2025-11-12 00:55:04,196 [INFO] PluginManager:220 - loadIPPluginJar : add ddr_ctrl_phy
2025-11-12 00:55:04,199 [INFO] IPUIPlugin:80 - create IPUIPlugin
2025-11-12 00:55:04,199 [INFO] PluginManager:220 - loadIPPluginJar : add dfsdm
2025-11-12 00:55:04,206 [INFO] IPUIPlugin:80 - create IPUIPlugin
2025-11-12 00:55:04,206 [INFO] PluginManager:220 - loadIPPluginJar : add dma
2025-11-12 00:55:04,210 [INFO] IPUIPlugin:80 - create IPUIPlugin
2025-11-12 00:55:04,210 [INFO] PluginManager:220 - loadIPPluginJar : add dma3
2025-11-12 00:55:04,213 [INFO] IPUIPlugin:80 - create IPUIPlugin
2025-11-12 00:55:04,213 [INFO] PluginManager:220 - loadIPPluginJar : add extmemmanager
2025-11-12 00:55:04,215 [INFO] IPUIPlugin:80 - create IPUIPlugin
2025-11-12 00:55:04,216 [INFO] PluginManager:220 - loadIPPluginJar : add fatfs
2025-11-12 00:55:04,222 [INFO] IPUIPlugin:80 - create IPUIPlugin
2025-11-12 00:55:04,223 [INFO] PluginManager:220 - loadIPPluginJar : add fmc
2025-11-12 00:55:04,229 [INFO] IPUIPlugin:80 - create IPUIPlugin
2025-11-12 00:55:04,229 [INFO] PluginManager:220 - loadIPPluginJar : add freertos
2025-11-12 00:55:04,231 [INFO] IPUIPlugin:80 - create IPUIPlugin
2025-11-12 00:55:04,231 [INFO] PluginManager:220 - loadIPPluginJar : add genericplugin
2025-11-12 00:55:04,233 [INFO] IPUIPlugin:80 - create IPUIPlugin
2025-11-12 00:55:04,233 [INFO] PluginManager:220 - loadIPPluginJar : add gfxmmu
2025-11-12 00:55:04,240 [INFO] IPUIPlugin:80 - create IPUIPlugin
2025-11-12 00:55:04,240 [INFO] PluginManager:220 - loadIPPluginJar : add gic
2025-11-12 00:55:04,245 [INFO] IPUIPlugin:80 - create IPUIPlugin
2025-11-12 00:55:04,245 [INFO] PluginManager:220 - loadIPPluginJar : add gpio
2025-11-12 00:55:04,249 [INFO] IPUIPlugin:80 - create IPUIPlugin
2025-11-12 00:55:04,249 [INFO] PluginManager:220 - loadIPPluginJar : add gtzc
2025-11-12 00:55:04,252 [INFO] IPUIPlugin:80 - create IPUIPlugin
2025-11-12 00:55:04,252 [INFO] PluginManager:220 - loadIPPluginJar : add hash
2025-11-12 00:55:04,256 [INFO] IPUIPlugin:80 - create IPUIPlugin
2025-11-12 00:55:04,257 [INFO] PluginManager:220 - loadIPPluginJar : add i2c
2025-11-12 00:55:04,260 [INFO] IPUIPlugin:80 - create IPUIPlugin
2025-11-12 00:55:04,260 [INFO] PluginManager:220 - loadIPPluginJar : add i2s
2025-11-12 00:55:04,263 [INFO] IPUIPlugin:80 - create IPUIPlugin
2025-11-12 00:55:04,263 [INFO] PluginManager:220 - loadIPPluginJar : add i3c
2025-11-12 00:55:04,266 [INFO] IPUIPlugin:80 - create IPUIPlugin
2025-11-12 00:55:04,266 [INFO] PluginManager:220 - loadIPPluginJar : add ipddr
2025-11-12 00:55:04,275 [INFO] IPUIPlugin:80 - create IPUIPlugin
2025-11-12 00:55:04,275 [INFO] PluginManager:220 - loadIPPluginJar : add linkedlist
2025-11-12 00:55:04,278 [INFO] IPUIPlugin:80 - create IPUIPlugin
2025-11-12 00:55:04,278 [INFO] PluginManager:220 - loadIPPluginJar : add lorawan
2025-11-12 00:55:04,280 [INFO] IPUIPlugin:80 - create IPUIPlugin
2025-11-12 00:55:04,280 [INFO] PluginManager:220 - loadIPPluginJar : add ltdc
2025-11-12 00:55:04,286 [INFO] IPUIPlugin:80 - create IPUIPlugin
2025-11-12 00:55:04,286 [INFO] PluginManager:220 - loadIPPluginJar : add mdma
2025-11-12 00:55:04,292 [INFO] IPUIPlugin:80 - create IPUIPlugin
2025-11-12 00:55:04,292 [INFO] PluginManager:220 - loadIPPluginJar : add nvic
2025-11-12 00:55:04,295 [INFO] IPUIPlugin:80 - create IPUIPlugin
2025-11-12 00:55:04,295 [INFO] PluginManager:220 - loadIPPluginJar : add opamp
2025-11-12 00:55:04,299 [INFO] IPUIPlugin:80 - create IPUIPlugin
2025-11-12 00:55:04,299 [INFO] PluginManager:220 - loadIPPluginJar : add openamp
2025-11-12 00:55:04,302 [INFO] IPUIPlugin:80 - create IPUIPlugin
2025-11-12 00:55:04,302 [INFO] PluginManager:220 - loadIPPluginJar : add pdm2pcm
2025-11-12 00:55:04,308 [INFO] IPUIPlugin:80 - create IPUIPlugin
2025-11-12 00:55:04,311 [INFO] PluginManager:220 - loadIPPluginJar : add plateformsettings
2025-11-12 00:55:04,313 [INFO] IPUIPlugin:80 - create IPUIPlugin
2025-11-12 00:55:04,313 [INFO] PluginManager:220 - loadIPPluginJar : add quadspi
2025-11-12 00:55:04,315 [INFO] IPUIPlugin:80 - create IPUIPlugin
2025-11-12 00:55:04,316 [INFO] PluginManager:220 - loadIPPluginJar : add radio
2025-11-12 00:55:04,321 [INFO] IPUIPlugin:80 - create IPUIPlugin
2025-11-12 00:55:04,321 [INFO] PluginManager:220 - loadIPPluginJar : add resmgrutility
2025-11-12 00:55:04,325 [INFO] IPUIPlugin:80 - create IPUIPlugin
2025-11-12 00:55:04,325 [INFO] PluginManager:220 - loadIPPluginJar : add sai
2025-11-12 00:55:04,328 [INFO] IPUIPlugin:80 - create IPUIPlugin
2025-11-12 00:55:04,328 [INFO] PluginManager:220 - loadIPPluginJar : add spi
2025-11-12 00:55:04,335 [INFO] IPUIPlugin:80 - create IPUIPlugin
2025-11-12 00:55:04,336 [INFO] PluginManager:220 - loadIPPluginJar : add stm32_wpan
2025-11-12 00:55:04,339 [INFO] IPUIPlugin:80 - create IPUIPlugin
2025-11-12 00:55:04,339 [INFO] PluginManager:220 - loadIPPluginJar : add tim
2025-11-12 00:55:04,344 [INFO] IPUIPlugin:80 - create IPUIPlugin
2025-11-12 00:55:04,344 [INFO] PluginManager:220 - loadIPPluginJar : add touchsensing
2025-11-12 00:55:04,346 [INFO] IPUIPlugin:80 - create IPUIPlugin
2025-11-12 00:55:04,347 [INFO] PluginManager:220 - loadIPPluginJar : add tracer_emb
2025-11-12 00:55:04,347 [INFO] IPUIPlugin:80 - create IPUIPlugin
2025-11-12 00:55:04,347 [INFO] PluginManager:220 - loadIPPluginJar : add ts
2025-11-12 00:55:04,347 [INFO] IPUIPlugin:80 - create IPUIPlugin
2025-11-12 00:55:04,347 [INFO] PluginManager:220 - loadIPPluginJar : add tsc
2025-11-12 00:55:04,354 [INFO] IPUIPlugin:80 - create IPUIPlugin
2025-11-12 00:55:04,355 [INFO] PluginManager:220 - loadIPPluginJar : add ucpd
2025-11-12 00:55:04,358 [INFO] IPUIPlugin:80 - create IPUIPlugin
2025-11-12 00:55:04,358 [INFO] PluginManager:220 - loadIPPluginJar : add usart
2025-11-12 00:55:04,361 [INFO] IPUIPlugin:80 - create IPUIPlugin
2025-11-12 00:55:04,361 [INFO] PluginManager:220 - loadIPPluginJar : add usbx
2025-11-12 00:55:04,516 [FATAL] Updater:351 - Updater called before beeing initialized
2025-11-12 00:55:04,547 [INFO] RulesReader:64 - Compatibility file has been processed (317 Rules)
2025-11-12 00:55:04,559 [INFO] RulesReader:64 - Compatibility file has been processed (317 Rules)
2025-11-12 00:55:04,566 [INFO] CADModel:165 - CPN selected for project level
2025-11-12 00:55:04,566 [INFO] CADModel:114 - Register for checkConnection events
2025-11-12 00:55:04,566 [FATAL] Updater:351 - Updater called before beeing initialized
2025-11-12 00:55:04,566 [ERROR] CADModel:125 - Updater not yet initialized, retry later 
2025-11-12 00:55:04,725 [FATAL] Updater:351 - Updater called before beeing initialized
2025-11-12 00:55:04,725 [INFO] CADModel:165 - CPN selected for project level
2025-11-12 00:55:04,725 [INFO] CADModel:114 - Register for checkConnection events
2025-11-12 00:55:04,725 [FATAL] Updater:351 - Updater called before beeing initialized
2025-11-12 00:55:04,725 [ERROR] CADModel:125 - Updater not yet initialized, retry later 
2025-11-12 00:55:04,725 [FATAL] Updater:351 - Updater called before beeing initialized
2025-11-12 00:55:04,871 [FATAL] Updater:351 - Updater called before beeing initialized
2025-11-12 00:55:04,875 [INFO] DbMcusAds:53 - JSON generation date=Thu Oct 02 18:36:05 KST 2025 (1759397765645)
2025-11-12 00:55:04,875 [FATAL] Updater:351 - Updater called before beeing initialized
2025-11-12 00:55:04,918 [WARN] DetailPanel:346 - Failed to get advertising image, set to default
2025-11-12 00:55:05,023 [FATAL] Updater:351 - Updater called before beeing initialized
2025-11-12 00:55:05,023 [FATAL] Updater:351 - Updater called before beeing initialized
2025-11-12 00:55:05,023 [FATAL] Updater:351 - Updater called before beeing initialized
2025-11-12 00:55:05,025 [WARN] DetailPanel:346 - Failed to get advertising image, set to default
2025-11-12 00:55:05,025 [FATAL] Updater:351 - Updater called before beeing initialized
2025-11-12 00:55:05,157 [ERROR] Updater:1198 - MainUpdater not yet initialized. External WinMGr cannot be set.
2025-11-12 00:55:05,159 [INFO] Updater:1134 - Updater Version found : 6.15.0
2025-11-12 00:55:05,182 [INFO] ApplicationProperties:184 - Using Application install path: C:\ST\STM32CubeIDE_1.18.1\STM32CubeIDE\plugins\com.st.stm32cube.common.mx_6.15.0.202507011659
2025-11-12 00:55:06,425 [INFO] ThirdPartyUpdaterWithRetryManager:70 - Updater plugin not ready yet. [2/15]
2025-11-12 00:55:06,781 [ERROR] LogOutputStream:75 - [STDERR_REDIRECT] Nov 12, 2025 12:55:06 AM java.util.prefs.WindowsPreferences <init>
2025-11-12 00:55:06,783 [ERROR] LogOutputStream:75 - [STDERR_REDIRECT] WARNING: Could not open/create prefs root node Software\JavaSoft\Prefs at root 0xffffffff80000002. Windows RegCreateKeyEx(...) returned error code 5.
2025-11-12 00:55:06,783 [ERROR] LogOutputStream:75 - [STDERR_REDIRECT] 
2025-11-12 00:55:07,678 [INFO] MainUpdater:2872 - connection check result : 10
2025-11-12 00:55:07,679 [INFO] MainUpdater:3604 - Updater definition file requires update
2025-11-12 00:55:07,679 [INFO] MainUpdater:289 - Updater Check For Update Now.
2025-11-12 00:55:07,679 [INFO] MicroXplorer:498 - Change Database Version : DB.6.0.150
2025-11-12 00:55:07,685 [INFO] McuFinderGlobals:63 - Set McuFinder mode to 2 (CubeIDE integrated)
2025-11-12 00:55:07,686 [INFO] UserAuth:487 - Internet connection configuration mode: 1
2025-11-12 00:55:07,704 [INFO] JxBrowserEngine:152 - Initiate JxBrowser Engine with user profile folder
2025-11-12 00:55:08,503 [INFO] ServerAccessManage:452 - Complete download http(s) 200
2025-11-12 00:55:08,504 [INFO] ServerAccessManage:509 - Download File updaters.zip
2025-11-12 00:55:08,877 [INFO] WebApp:169 - Instantiating new browser for Auth
2025-11-12 00:55:09,183 [INFO] FileExtend:248 - Unzip File : updaters.zip
2025-11-12 00:55:09,201 [INFO] FileExtend:263 - Standard Zip Deflate
2025-11-12 00:55:09,455 [WARN] MainUpdater:1193 - Updater busy. Cannot search thirdparties
2025-11-12 00:55:09,469 [INFO] ThirdPartyUpdaterWithRetryManager:96 - Updater plugin is busy. [1/15]
2025-11-12 00:55:10,139 [INFO] ServerAccessManage:452 - Complete download http(s) 200
2025-11-12 00:55:10,139 [INFO] ServerAccessManage:509 - Download File PacksControlFlags.xml
2025-11-12 00:55:10,405 [INFO] ServerAccessManage:452 - Complete download http(s) 200
2025-11-12 00:55:10,405 [INFO] ServerAccessManage:509 - Download File cubemx.pidx
2025-11-12 00:55:10,415 [INFO] WebApp:463 - Apply proxy settings
2025-11-12 00:55:10,416 [INFO] WebApp:548 - Chromium requires no authentication
2025-11-12 00:55:10,437 [INFO] WebApp:491 - Direct internet connection detected
2025-11-12 00:55:10,481 [INFO] WebApp:900 - Register for checkConnection events
2025-11-12 00:55:10,482 [INFO] WebApp:463 - Apply proxy settings
2025-11-12 00:55:10,482 [INFO] WebApp:548 - Chromium requires no authentication
2025-11-12 00:55:10,485 [INFO] WebApp:491 - Direct internet connection detected
2025-11-12 00:55:11,239 [INFO] WebApp:225 - Starting web application
2025-11-12 00:55:11,239 [INFO] WebApp:593 - Web application path used C:\ST\STM32CubeIDE_1.18.1\STM32CubeIDE\plugins\com.st.stm32cube.common.mx_6.15.0.202507011659\db\plugins\mcufinder\reactClient1\index.html
2025-11-12 00:55:11,251 [INFO] WebApp:191 - Connection restablished
2025-11-12 00:55:11,548 [INFO] UserAuth:487 - Internet connection configuration mode: 1
2025-11-12 00:55:12,498 [WARN] MainUpdater:1193 - Updater busy. Cannot search thirdparties
2025-11-12 00:55:12,498 [INFO] ThirdPartyUpdaterWithRetryManager:96 - Updater plugin is busy. [2/15]
2025-11-12 00:55:13,386 [ERROR] ServerAccessManage:1295 - Problem during Server Connection :  IO error PKIX path building failed: sun.security.provider.certpath.SunCertPathBuilderException: unable to find valid certification path to requested target
2025-11-12 00:55:13,386 [ERROR] ServerAccessManage:740 - Problem during Server Connection :  : Avnet-IOTCONNECT.X-CUBE-iotc-st67-sdk.pdsc.
2025-11-12 00:55:13,473 [INFO] LoadServerUpdatesThread:375 - End of LoadServerUpdate Thread
2025-11-12 00:55:13,853 [INFO] CheckServerUpdateThread:120 - End of CheckServer Thread
2025-11-12 00:55:16,217 [WARN] PackLoader:240 - Cannot read IP mode file for STMicroelectronics.FP-SNS-MOTENVWB1.1.4.0
2025-11-12 00:55:16,224 [WARN] PackLoader:240 - Cannot read IP mode file for STMicroelectronics.FP-ATR-ASTRA1.2.0.2
2025-11-12 00:55:16,231 [WARN] PackLoader:240 - Cannot read IP mode file for STMicroelectronics.FP-ATR-ASTRA1.2.0.1
2025-11-12 00:55:16,239 [WARN] PackLoader:240 - Cannot read IP mode file for STMicroelectronics.X-CUBE-SMBUS.2.1.0
2025-11-12 00:55:16,247 [WARN] PackLoader:240 - Cannot read IP mode file for STMicroelectronics.X-CUBE-WB05N.1.1.0
2025-11-12 00:55:16,252 [WARN] PackLoader:240 - Cannot read IP mode file for STMicroelectronics.X-CUBE-ST60.1.0.0
2025-11-12 00:55:16,274 [WARN] PackLoader:240 - Cannot read IP mode file for STMicroelectronics.X-CUBE-AZRTOS-F7.1.1.0
2025-11-12 00:55:16,349 [WARN] PackLoader:240 - Cannot read IP mode file for STMicroelectronics.X-CUBE-MEMS1.11.0.0
2025-11-12 00:55:16,585 [WARN] PackLoader:240 - Cannot read IP mode file for STMicroelectronics.FP-SNS-MOTENV1.5.1.0
2025-11-12 00:55:16,590 [WARN] PackLoader:240 - Cannot read IP mode file for STMicroelectronics.FP-SNS-FLIGHT1.5.0.2
2025-11-12 00:55:16,615 [WARN] PackLoader:240 - Cannot read IP mode file for Infineon.AIROC-Wi-Fi-Bluetooth-STM32.1.7.0
2025-11-12 00:55:16,641 [WARN] PackLoader:240 - Cannot read IP mode file for STMicroelectronics.X-CUBE-AZRTOS-H7.3.4.0
2025-11-12 00:55:16,652 [WARN] PackLoader:240 - Cannot read IP mode file for STMicroelectronics.X-CUBE-DISPLAY.3.0.0
2025-11-12 00:55:16,669 [WARN] PackLoader:240 - Cannot read IP mode file for STMicroelectronics.X-CUBE-BLE1.7.0.0
2025-11-12 00:55:16,675 [WARN] PackLoader:240 - Cannot read IP mode file for STMicroelectronics.X-CUBE-NFC10.1.0.0
2025-11-12 00:55:16,688 [WARN] PackLoader:240 - Cannot read IP mode file for STMicroelectronics.X-CUBE-BLEMGR.4.0.0
2025-11-12 00:55:16,696 [WARN] PackLoader:240 - Cannot read IP mode file for STMicroelectronics.X-CUBE-ST60.1.1.0
2025-11-12 00:55:16,702 [WARN] PackLoader:240 - Cannot read IP mode file for emotas.I-CUBE-CANOPEN.1.3.0
2025-11-12 00:55:16,708 [WARN] PackLoader:240 - Cannot read IP mode file for STMicroelectronics.X-CUBE-GNSS1.7.1.0
2025-11-12 00:55:16,717 [WARN] PackLoader:240 - Cannot read IP mode file for STMicroelectronics.X-CUBE-BLEMGR.3.1.0
2025-11-12 00:55:16,722 [WARN] PackLoader:240 - Cannot read IP mode file for STMicroelectronics.X-CUBE-AI.10.0.0
2025-11-12 00:55:16,732 [WARN] PackLoader:240 - Cannot read IP mode file for STMicroelectronics.FP-SNS-STBOX1.2.1.0
2025-11-12 00:55:16,737 [WARN] PackLoader:240 - Cannot read IP mode file for STMicroelectronics.FP-SNS-SMARTAG2.1.2.0
2025-11-12 00:55:16,740 [WARN] PackLoader:240 - Cannot read IP mode file for STMicroelectronics.FP-SNS-FLIGHT1.5.1.0
2025-11-12 00:55:16,820 [WARN] PackLoader:240 - Cannot read IP mode file for STMicroelectronics.X-CUBE-MEMS1.11.1.0
2025-11-12 00:55:16,966 [INFO] LogOutputStream:77 - [STDOUT_REDIRECT] 1 : Invalid condition id : UX_CORESTACK_Condition cause : null
2025-11-12 00:55:16,967 [INFO] LogOutputStream:77 - [STDOUT_REDIRECT] 1 : Invalid condition id : UX_CORESTACK_Condition cause : null
2025-11-12 00:55:16,969 [INFO] LogOutputStream:77 - [STDOUT_REDIRECT] 1 : Invalid condition id : UX_CORESTACK_Condition cause : null
2025-11-12 00:55:16,971 [INFO] LogOutputStream:77 - [STDOUT_REDIRECT] 1 : Invalid condition id : UX_CORESTACK_Condition cause : null
2025-11-12 00:55:16,972 [INFO] LogOutputStream:77 - [STDOUT_REDIRECT] 1 : Invalid condition id : UX_CORESTACK_Condition cause : null
2025-11-12 00:55:16,974 [WARN] PackLoader:240 - Cannot read IP mode file for STMicroelectronics.X-CUBE-AZRTOS-WL.2.0.0
2025-11-12 00:55:16,979 [WARN] PackLoader:240 - Cannot read IP mode file for STMicroelectronics.FP-SNS-MOTENV1.5.0.0
2025-11-12 00:55:16,983 [WARN] PackLoader:240 - Cannot read IP mode file for wolfSSL.I-CUBE-wolfMQTT.1.19.0
2025-11-12 00:55:16,990 [WARN] PackLoader:240 - Cannot read IP mode file for WES.I-CUBE-Cesium.1.3.0
2025-11-12 00:55:16,996 [WARN] PackLoader:240 - Cannot read IP mode file for STMicroelectronics.X-CUBE-BLE2.3.3.0
2025-11-12 00:55:17,003 [WARN] PackLoader:240 - Cannot read IP mode file for STMicroelectronics.X-CUBE-NFC9.1.0.0
2025-11-12 00:55:17,013 [WARN] PackLoader:240 - Cannot read IP mode file for STMicroelectronics.X-CUBE-BLE1.7.1.0
2025-11-12 00:55:17,021 [WARN] PackLoader:240 - Cannot read IP mode file for STMicroelectronics.X-CUBE-EEPRMA1.5.2.0
2025-11-12 00:55:17,027 [WARN] PackLoader:240 - Cannot read IP mode file for STMicroelectronics.X-CUBE-ST67W61.1.1.0
2025-11-12 00:55:17,031 [WARN] PackLoader:240 - Cannot read IP mode file for STMicroelectronics.X-CUBE-AI.10.1.0
2025-11-12 00:55:17,099 [WARN] PackLoader:240 - Cannot read IP mode file for STMicroelectronics.X-CUBE-MEMS1.11.2.0
2025-11-12 00:55:17,299 [WARN] PackLoader:240 - Cannot read IP mode file for STMicroelectronics.X-CUBE-AZRTOS-G0.1.1.0
2025-11-12 00:55:17,304 [WARN] PackLoader:240 - Cannot read IP mode file for STMicroelectronics.X-CUBE-SAFEA1.1.2.2
2025-11-12 00:55:17,308 [WARN] PackLoader:240 - Cannot read IP mode file for STMicroelectronics.X-CUBE-NFC4.3.0.0
2025-11-12 00:55:17,380 [WARN] PackLoader:240 - Cannot read IP mode file for EmbeddedOffice.I-CUBE-FS-RTOS.1.0.1
2025-11-12 00:55:17,387 [WARN] PackLoader:240 - Cannot read IP mode file for STMicroelectronics.X-CUBE-WB05N.2.0.0
2025-11-12 00:55:17,392 [WARN] PackLoader:240 - Cannot read IP mode file for STMicroelectronics.X-CUBE-TCPP.4.2.0
2025-11-12 00:55:17,402 [WARN] PackLoader:240 - Cannot read IP mode file for RealThread.X-CUBE-RT-Thread_Nano.4.1.1
2025-11-12 00:55:17,415 [WARN] PackLoader:240 - Cannot read IP mode file for STMicroelectronics.FP-ATR-SIGFOX1.3.2.0
2025-11-12 00:55:17,419 [WARN] ConditionMgr:438 - getConditionDescription Invalid condition id : Cortex-A Device cause : null
2025-11-12 00:55:17,436 [WARN] ConditionMgr:1044 - genDependencies : Invalid condition id : Cortex-A Device cause : null
2025-11-12 00:55:17,436 [WARN] ConditionMgr:1044 - genDependencies : Invalid condition id : Cortex-A Device cause : null
2025-11-12 00:55:17,437 [WARN] ConditionMgr:1044 - genDependencies : Invalid condition id : Cortex-A Device cause : null
2025-11-12 00:55:17,449 [WARN] PackLoader:240 - Cannot read IP mode file for STMicroelectronics.X-CUBE-EEPRMA1.5.1.0
2025-11-12 00:55:17,455 [WARN] PackLoader:240 - Cannot read IP mode file for wolfSSL.I-CUBE-wolfSSL.5.7.4
2025-11-12 00:55:17,464 [WARN] PackLoader:240 - Cannot read IP mode file for ITTIA_DB.I-CUBE-ITTIADB.8.9.0
2025-11-12 00:55:17,468 [WARN] PackLoader:240 - Cannot read IP mode file for STMicroelectronics.X-CUBE-ST67W61.1.0.0
2025-11-12 00:55:17,472 [WARN] PackLoader:240 - Cannot read IP mode file for STMicroelectronics.X-CUBE-AI.10.2.0
2025-11-12 00:55:17,501 [WARN] PackLoader:240 - Cannot read IP mode file for SEGGER.I-CUBE-embOS.1.3.1
2025-11-12 00:55:17,550 [WARN] PackLoader:240 - Cannot read IP mode file for STMicroelectronics.X-CUBE-ALGOBUILD.1.4.0
2025-11-12 00:55:17,734 [WARN] PackLoader:240 - Cannot read IP mode file for STMicroelectronics.X-CUBE-MEMS1.11.3.0
2025-11-12 00:55:17,856 [WARN] PackLoader:240 - Cannot read IP mode file for STMicroelectronics.X-CUBE-AI.9.1.0
2025-11-12 00:55:17,859 [WARN] PackLoader:240 - Cannot read IP mode file for STMicroelectronics.X-CUBE-PM33A1.1.0.0
2025-11-12 00:55:17,874 [WARN] PackLoader:240 - Cannot read IP mode file for STMicroelectronics.X-CUBE-AZRTOS-F4.1.1.0
2025-11-12 00:55:17,880 [WARN] PackLoader:240 - Cannot read IP mode file for STMicroelectronics.X-CUBE-ISPU.2.1.0
2025-11-12 00:55:17,892 [WARN] PackLoader:240 - Cannot read IP mode file for STMicroelectronics.X-CUBE-IPS.3.2.0
2025-11-12 00:55:17,901 [WARN] PackLoader:240 - Cannot read IP mode file for STMicroelectronics.X-CUBE-FREERTOS.1.2.0
2025-11-12 00:55:17,907 [WARN] PackLoader:240 - Cannot read IP mode file for STMicroelectronics.X-CUBE-NFC12.1.0.0
2025-11-12 00:55:17,919 [WARN] PackLoader:240 - Cannot read IP mode file for STMicroelectronics.X-CUBE-AZRTOS-L5.2.0.0
2025-11-12 00:55:17,931 [WARN] PackLoader:240 - Cannot read IP mode file for STMicroelectronics.X-CUBE-NFC6.3.1.0
2025-11-12 00:55:17,938 [WARN] PackLoader:240 - Cannot read IP mode file for STMicroelectronics.X-CUBE-DPower.1.2.0
2025-11-12 00:55:17,942 [WARN] PackLoader:240 - Cannot read IP mode file for STMicroelectronics.X-CUBE-FREERTOS.1.3.1
2025-11-12 00:55:17,946 [WARN] PackLoader:240 - Cannot read IP mode file for STMicroelectronics.X-CUBE-FREERTOS.1.3.0
2025-11-12 00:55:17,950 [WARN] PackLoader:240 - Cannot read IP mode file for STMicroelectronics.X-CUBE-NFC7.1.0.1
2025-11-12 00:55:17,955 [WARN] PackLoader:240 - Cannot read IP mode file for STMicroelectronics.X-CUBE-TOUCHGFX.4.26.0
2025-11-12 00:55:17,959 [WARN] PackLoader:240 - Cannot read IP mode file for STMicroelectronics.FP-SNS-STAIOTCFT.1.0.0
2025-11-12 00:55:17,963 [WARN] PackLoader:240 - Cannot read IP mode file for STMicroelectronics.X-CUBE-DPower.1.3.0
2025-11-12 00:55:17,977 [WARN] ConditionMgr:438 - getConditionDescription Invalid condition id : LAN8742 Phy interface Condition cause : null
2025-11-12 00:55:17,979 [WARN] PackLoader:240 - Cannot read IP mode file for STMicroelectronics.X-CUBE-AZRTOS-L4.2.0.0
2025-11-12 00:55:17,980 [WARN] ConditionMgr:1044 - genDependencies : Invalid condition id : LAN8742 Phy interface Condition cause : null
2025-11-12 00:55:17,980 [WARN] ConditionMgr:1044 - genDependencies : Invalid condition id : LAN8742 Phy interface Condition cause : null
2025-11-12 00:55:17,981 [WARN] ConditionMgr:1044 - genDependencies : Invalid condition id : LAN8742 Phy interface Condition cause : null
2025-11-12 00:55:17,986 [WARN] PackLoader:240 - Cannot read IP mode file for STMicroelectronics.X-CUBE-SFXS2LP1.4.0.0
2025-11-12 00:55:18,001 [WARN] PackLoader:240 - Cannot read IP mode file for STMicroelectronics.X-CUBE-AZRTOS-H7.3.3.0
2025-11-12 00:55:18,010 [WARN] PackLoader:240 - Cannot read IP mode file for STMicroelectronics.X-CUBE-BLEMGR.4.1.0
2025-11-12 00:55:18,022 [WARN] PackLoader:240 - Cannot read IP mode file for STMicroelectronics.X-CUBE-IPS.3.0.0
2025-11-12 00:55:18,034 [WARN] ConditionMgr:438 - getConditionDescription Invalid condition id : UX DEVICE CLASS RTOS Condition cause : null
2025-11-12 00:55:18,034 [WARN] ConditionMgr:438 - getConditionDescription Invalid condition id : UX DEVICE CLASS RTOS Condition cause : null
2025-11-12 00:55:18,036 [WARN] PackLoader:240 - Cannot read IP mode file for STMicroelectronics.X-CUBE-AZRTOS-WB.2.0.0
2025-11-12 00:55:18,036 [WARN] ConditionMgr:1044 - genDependencies : Invalid condition id : UX DEVICE CLASS RTOS Condition cause : null
2025-11-12 00:55:18,036 [WARN] ConditionMgr:1044 - genDependencies : Invalid condition id : UX DEVICE CLASS RTOS Condition cause : null
2025-11-12 00:55:18,037 [WARN] ConditionMgr:1044 - genDependencies : Invalid condition id : UX DEVICE CLASS RTOS Condition cause : null
2025-11-12 00:55:18,037 [WARN] ConditionMgr:1044 - genDependencies : Invalid condition id : UX DEVICE CLASS RTOS Condition cause : null
2025-11-12 00:55:18,037 [WARN] ConditionMgr:1044 - genDependencies : Invalid condition id : UX DEVICE CLASS RTOS Condition cause : null
2025-11-12 00:55:18,040 [WARN] PackLoader:240 - Cannot read IP mode file for STMicroelectronics.X-CUBE-GNSS1.7.0.0
2025-11-12 00:55:18,046 [WARN] PackLoader:240 - Cannot read IP mode file for STMicroelectronics.X-CUBE-GNSS1.7.0.1
2025-11-12 00:55:18,052 [WARN] PackLoader:240 - Cannot read IP mode file for STMicroelectronics.X-CUBE-TOUCHGFX.4.25.0
2025-11-12 00:55:18,121 [WARN] PackLoader:240 - Cannot read IP mode file for STMicroelectronics.FP-SNS-STBOX1.2.0.0
2025-11-12 00:55:18,136 [WARN] PackLoader:240 - Cannot read IP mode file for STMicroelectronics.X-CUBE-SUBG2.5.0.0
2025-11-12 00:55:18,165 [WARN] PackLoader:240 - Cannot read IP mode file for STMicroelectronics.X-CUBE-AZRTOS-H7RS.1.1.0
2025-11-12 00:55:18,171 [WARN] PackLoader:240 - Cannot read IP mode file for Cesanta.I-CUBE-Mongoose.7.13.0
2025-11-12 00:55:18,183 [WARN] PackLoader:240 - Cannot read IP mode file for STMicroelectronics.X-CUBE-AZRTOS-G4.2.0.0
2025-11-12 00:55:18,187 [WARN] PackLoader:240 - Cannot read IP mode file for STMicroelectronics.X-CUBE-NFC7.2.0.0
2025-11-12 00:55:18,193 [WARN] PackLoader:240 - Cannot read IP mode file for STMicroelectronics.X-CUBE-IPS.3.1.0
2025-11-12 00:55:18,202 [WARN] PackLoader:240 - Cannot read IP mode file for STMicroelectronics.X-CUBE-ALS.1.0.2
2025-11-12 00:55:18,205 [WARN] PackLoader:240 - Cannot read IP mode file for STMicroelectronics.X-CUBE-TOUCHGFX.4.24.2
2025-11-12 00:55:18,207 [WARN] PackLoader:240 - Cannot read IP mode file for STMicroelectronics.X-CUBE-TOUCHGFX.4.24.1
2025-11-12 00:55:18,213 [WARN] PackLoader:240 - Cannot read IP mode file for STMicroelectronics.X-CUBE-STSE01.1.0.0
2025-11-12 00:55:18,217 [WARN] PackLoader:240 - Cannot read IP mode file for wolfSSL.I-CUBE-wolfTPM.3.4.0
2025-11-12 00:55:18,221 [WARN] PackLoader:240 - Cannot read IP mode file for portGmbH.I-Cube-SoM-uGOAL.1.1.0
2025-11-12 00:55:18,233 [WARN] PackLoader:240 - Cannot read IP mode file for STMicroelectronics.X-CUBE-AZRTOS-H7RS.1.0.0
2025-11-12 00:55:18,268 [WARN] PackLoader:240 - Cannot read IP mode file for STMicroelectronics.X-CUBE-TOF1.3.4.2
2025-11-12 00:55:18,282 [WARN] PackLoader:240 - Cannot read IP mode file for STMicroelectronics.X-CUBE-TOF1.3.4.3
2025-11-12 00:55:18,291 [WARN] PackLoader:240 - Cannot read IP mode file for wolfSSL.I-CUBE-wolfSSH.1.4.17
2025-11-12 00:55:18,292 [INFO] ThirdParty:978 - Integrity check success = true
2025-11-12 00:55:18,292 [INFO] IntegrityCheckThread:100 - exiting critical section [integrity check]
2025-11-12 00:55:18,292 [INFO] IntegrityCheckThread:103 - End integrity checks thread
2025-11-12 07:35:45,898 [ERROR] LogOutputStream:75 - [STDERR_REDIRECT] 
2025-11-12 07:35:45,907 [ERROR] LogOutputStream:75 - [STDERR_REDIRECT] 
